<?xml version="1.0" encoding="UTF-8"?>
<testsuite name="com.privalia.repositories.ProductRepositoryTest" tests="1" skipped="0" failures="1" errors="0" timestamp="2018-02-20T15:47:27" hostname="Mac-ivangarcia.local" time="0.005">
  <properties/>
  <testcase name="testSaveProduct" classname="com.privalia.repositories.ProductRepositoryTest" time="0.005">
    <failure message="java.lang.IllegalStateException: Failed to load ApplicationContext" type="java.lang.IllegalStateException">java.lang.IllegalStateException: Failed to load ApplicationContext
	at org.springframework.test.context.cache.DefaultCacheAwareContextLoaderDelegate.loadContext(DefaultCacheAwareContextLoaderDelegate.java:124)
	at org.springframework.test.context.support.DefaultTestContext.getApplicationContext(DefaultTestContext.java:83)
	at org.springframework.test.context.web.ServletTestExecutionListener.setUpRequestContextIfNecessary(ServletTestExecutionListener.java:189)
	at org.springframework.test.context.web.ServletTestExecutionListener.prepareTestInstance(ServletTestExecutionListener.java:131)
	at org.springframework.test.context.TestContextManager.prepareTestInstance(TestContextManager.java:230)
	at org.springframework.test.context.junit4.SpringJUnit4ClassRunner.createTest(SpringJUnit4ClassRunner.java:228)
	at org.springframework.test.context.junit4.SpringJUnit4ClassRunner$1.runReflectiveCall(SpringJUnit4ClassRunner.java:287)
	at org.junit.internal.runners.model.ReflectiveCallable.run(ReflectiveCallable.java:12)
	at org.springframework.test.context.junit4.SpringJUnit4ClassRunner.methodBlock(SpringJUnit4ClassRunner.java:289)
	at org.springframework.test.context.junit4.SpringJUnit4ClassRunner.runChild(SpringJUnit4ClassRunner.java:247)
	at org.springframework.test.context.junit4.SpringJUnit4ClassRunner.runChild(SpringJUnit4ClassRunner.java:94)
	at org.junit.runners.ParentRunner$3.run(ParentRunner.java:290)
	at org.junit.runners.ParentRunner$1.schedule(ParentRunner.java:71)
	at org.junit.runners.ParentRunner.runChildren(ParentRunner.java:288)
	at org.junit.runners.ParentRunner.access$000(ParentRunner.java:58)
	at org.junit.runners.ParentRunner$2.evaluate(ParentRunner.java:268)
	at org.springframework.test.context.junit4.statements.RunBeforeTestClassCallbacks.evaluate(RunBeforeTestClassCallbacks.java:61)
	at org.springframework.test.context.junit4.statements.RunAfterTestClassCallbacks.evaluate(RunAfterTestClassCallbacks.java:70)
	at org.junit.runners.ParentRunner.run(ParentRunner.java:363)
	at org.springframework.test.context.junit4.SpringJUnit4ClassRunner.run(SpringJUnit4ClassRunner.java:191)
	at org.gradle.api.internal.tasks.testing.junit.JUnitTestClassExecuter.runTestClass(JUnitTestClassExecuter.java:112)
	at org.gradle.api.internal.tasks.testing.junit.JUnitTestClassExecuter.execute(JUnitTestClassExecuter.java:56)
	at org.gradle.api.internal.tasks.testing.junit.JUnitTestClassProcessor.processTestClass(JUnitTestClassProcessor.java:66)
	at org.gradle.api.internal.tasks.testing.SuiteTestClassProcessor.processTestClass(SuiteTestClassProcessor.java:51)
	at sun.reflect.NativeMethodAccessorImpl.invoke0(Native Method)
	at sun.reflect.NativeMethodAccessorImpl.invoke(NativeMethodAccessorImpl.java:62)
	at sun.reflect.DelegatingMethodAccessorImpl.invoke(DelegatingMethodAccessorImpl.java:43)
	at java.lang.reflect.Method.invoke(Method.java:498)
	at org.gradle.messaging.dispatch.ReflectionDispatch.dispatch(ReflectionDispatch.java:35)
	at org.gradle.messaging.dispatch.ReflectionDispatch.dispatch(ReflectionDispatch.java:24)
	at org.gradle.messaging.dispatch.ContextClassLoaderDispatch.dispatch(ContextClassLoaderDispatch.java:32)
	at org.gradle.messaging.dispatch.ProxyDispatchAdapter$DispatchingInvocationHandler.invoke(ProxyDispatchAdapter.java:93)
	at com.sun.proxy.$Proxy2.processTestClass(Unknown Source)
	at org.gradle.api.internal.tasks.testing.worker.TestWorker.processTestClass(TestWorker.java:109)
	at sun.reflect.NativeMethodAccessorImpl.invoke0(Native Method)
	at sun.reflect.NativeMethodAccessorImpl.invoke(NativeMethodAccessorImpl.java:62)
	at sun.reflect.DelegatingMethodAccessorImpl.invoke(DelegatingMethodAccessorImpl.java:43)
	at java.lang.reflect.Method.invoke(Method.java:498)
	at org.gradle.messaging.dispatch.ReflectionDispatch.dispatch(ReflectionDispatch.java:35)
	at org.gradle.messaging.dispatch.ReflectionDispatch.dispatch(ReflectionDispatch.java:24)
	at org.gradle.messaging.remote.internal.hub.MessageHub$Handler.run(MessageHub.java:364)
	at org.gradle.internal.concurrent.ExecutorPolicy$CatchAndRecordFailures.onExecute(ExecutorPolicy.java:54)
	at org.gradle.internal.concurrent.StoppableExecutorImpl$1.run(StoppableExecutorImpl.java:40)
	at java.util.concurrent.ThreadPoolExecutor.runWorker(ThreadPoolExecutor.java:1149)
	at java.util.concurrent.ThreadPoolExecutor$Worker.run(ThreadPoolExecutor.java:624)
	at java.lang.Thread.run(Thread.java:748)
Caused by: org.springframework.beans.factory.BeanCreationException: Error creating bean with name 'entityManagerFactory' defined in class path resource [org/springframework/boot/autoconfigure/orm/jpa/HibernateJpaAutoConfiguration.class]: Invocation of init method failed; nested exception is javax.persistence.PersistenceException: [PersistenceUnit: default] Unable to build Hibernate SessionFactory
	at org.springframework.beans.factory.support.AbstractAutowireCapableBeanFactory.initializeBean(AbstractAutowireCapableBeanFactory.java:1628)
	at org.springframework.beans.factory.support.AbstractAutowireCapableBeanFactory.doCreateBean(AbstractAutowireCapableBeanFactory.java:555)
	at org.springframework.beans.factory.support.AbstractAutowireCapableBeanFactory.createBean(AbstractAutowireCapableBeanFactory.java:483)
	at org.springframework.beans.factory.support.AbstractBeanFactory$1.getObject(AbstractBeanFactory.java:306)
	at org.springframework.beans.factory.support.DefaultSingletonBeanRegistry.getSingleton(DefaultSingletonBeanRegistry.java:230)
	at org.springframework.beans.factory.support.AbstractBeanFactory.doGetBean(AbstractBeanFactory.java:302)
	at org.springframework.beans.factory.support.AbstractBeanFactory.getBean(AbstractBeanFactory.java:197)
	at org.springframework.context.support.AbstractApplicationContext.getBean(AbstractApplicationContext.java:1078)
	at org.springframework.context.support.AbstractApplicationContext.finishBeanFactoryInitialization(AbstractApplicationContext.java:857)
	at org.springframework.context.support.AbstractApplicationContext.refresh(AbstractApplicationContext.java:543)
	at org.springframework.boot.SpringApplication.refresh(SpringApplication.java:762)
	at org.springframework.boot.SpringApplication.refreshContext(SpringApplication.java:372)
	at org.springframework.boot.SpringApplication.run(SpringApplication.java:316)
	at org.springframework.boot.test.context.SpringBootContextLoader.loadContext(SpringBootContextLoader.java:111)
	at org.springframework.test.context.cache.DefaultCacheAwareContextLoaderDelegate.loadContextInternal(DefaultCacheAwareContextLoaderDelegate.java:98)
	at org.springframework.test.context.cache.DefaultCacheAwareContextLoaderDelegate.loadContext(DefaultCacheAwareContextLoaderDelegate.java:116)
	... 45 more
Caused by: javax.persistence.PersistenceException: [PersistenceUnit: default] Unable to build Hibernate SessionFactory
	at org.hibernate.jpa.boot.internal.EntityManagerFactoryBuilderImpl.persistenceException(EntityManagerFactoryBuilderImpl.java:954)
	at org.hibernate.jpa.boot.internal.EntityManagerFactoryBuilderImpl.build(EntityManagerFactoryBuilderImpl.java:882)
	at org.springframework.orm.jpa.vendor.SpringHibernateJpaPersistenceProvider.createContainerEntityManagerFactory(SpringHibernateJpaPersistenceProvider.java:60)
	at org.springframework.orm.jpa.LocalContainerEntityManagerFactoryBean.createNativeEntityManagerFactory(LocalContainerEntityManagerFactoryBean.java:353)
	at org.springframework.orm.jpa.AbstractEntityManagerFactoryBean.buildNativeEntityManagerFactory(AbstractEntityManagerFactoryBean.java:370)
	at org.springframework.orm.jpa.AbstractEntityManagerFactoryBean.afterPropertiesSet(AbstractEntityManagerFactoryBean.java:359)
	at org.springframework.beans.factory.support.AbstractAutowireCapableBeanFactory.invokeInitMethods(AbstractAutowireCapableBeanFactory.java:1687)
	at org.springframework.beans.factory.support.AbstractAutowireCapableBeanFactory.initializeBean(AbstractAutowireCapableBeanFactory.java:1624)
	... 60 more
Caused by: org.hibernate.MappingException: Could not instantiate persister org.hibernate.persister.entity.SingleTableEntityPersister
	at org.hibernate.persister.internal.PersisterFactoryImpl.createEntityPersister(PersisterFactoryImpl.java:112)
	at org.hibernate.persister.internal.PersisterFactoryImpl.createEntityPersister(PersisterFactoryImpl.java:77)
	at org.hibernate.internal.SessionFactoryImpl.&lt;init&gt;(SessionFactoryImpl.java:348)
	at org.hibernate.boot.internal.SessionFactoryBuilderImpl.build(SessionFactoryBuilderImpl.java:444)
	at org.hibernate.jpa.boot.internal.EntityManagerFactoryBuilderImpl.build(EntityManagerFactoryBuilderImpl.java:879)
	... 66 more
Caused by: java.lang.ClassCastException: org.hibernate.type.StringType cannot be cast to org.hibernate.type.VersionType
	at org.hibernate.tuple.PropertyFactory.buildVersionProperty(PropertyFactory.java:109)
	at org.hibernate.tuple.entity.EntityMetamodel.&lt;init&gt;(EntityMetamodel.java:199)
	at org.hibernate.persister.entity.AbstractEntityPersister.&lt;init&gt;(AbstractEntityPersister.java:517)
	at org.hibernate.persister.entity.SingleTableEntityPersister.&lt;init&gt;(SingleTableEntityPersister.java:124)
	at sun.reflect.NativeConstructorAccessorImpl.newInstance0(Native Method)
	at sun.reflect.NativeConstructorAccessorImpl.newInstance(NativeConstructorAccessorImpl.java:62)
	at sun.reflect.DelegatingConstructorAccessorImpl.newInstance(DelegatingConstructorAccessorImpl.java:45)
	at java.lang.reflect.Constructor.newInstance(Constructor.java:423)
	at org.hibernate.persister.internal.PersisterFactoryImpl.createEntityPersister(PersisterFactoryImpl.java:96)
	... 70 more
</failure>
  </testcase>
  <system-out><![CDATA[18-febrero-20 16:47:21:797 DEBUG Test worker o.s.b.l.ClasspathLoggingApplicationListener:52 - Application started with classpath: [file:/Users/ivan.garcia/.gradle/caches/2.13/workerMain/gradle-worker.jar, file:/Users/ivan.garcia/Documents/eclipse-workspace/PrivaliaSpringBootProject/build/classes/test/, file:/Users/ivan.garcia/Documents/eclipse-workspace/PrivaliaSpringBootProject/build/resources/test, file:/Users/ivan.garcia/Documents/eclipse-workspace/PrivaliaSpringBootProject/build/classes/main/, file:/Users/ivan.garcia/Documents/eclipse-workspace/PrivaliaSpringBootProject/build/resources/main/, file:/Users/ivan.garcia/.gradle/caches/modules-2/files-2.1/org.springframework.boot/spring-boot-starter-web/1.4.7.RELEASE/3e77db6ed4b3f698909be8ae0b38ff0c2df9fad6/spring-boot-starter-web-1.4.7.RELEASE.jar, file:/Users/ivan.garcia/.gradle/caches/modules-2/files-2.1/org.springframework.boot/spring-boot-starter-data-jpa/1.4.7.RELEASE/ab83efd2522e8a9c2a8f7fa14d4cb71e88c7a30c/spring-boot-starter-data-jpa-1.4.7.RELEASE.jar, file:/Users/ivan.garcia/.gradle/caches/modules-2/files-2.1/org.springframework.boot/spring-boot-starter-data-rest/1.4.7.RELEASE/5a6d5c80c7eece16fbf3fcec37c27f167053769b/spring-boot-starter-data-rest-1.4.7.RELEASE.jar, file:/Users/ivan.garcia/.gradle/caches/modules-2/files-2.1/org.springframework.boot/spring-boot-starter-security/1.4.7.RELEASE/da8f98ec4e1eb7d54997117dbdb42f3d0d8d08d7/spring-boot-starter-security-1.4.7.RELEASE.jar, file:/Users/ivan.garcia/.gradle/caches/modules-2/files-2.1/io.springfox/springfox-swagger-ui/2.6.1/4c854c86c91ab36c86fc1a63571a0614c2ea9ab2/springfox-swagger-ui-2.6.1.jar, file:/Users/ivan.garcia/.gradle/caches/modules-2/files-2.1/io.springfox/springfox-swagger2/2.6.1/73c3a70ec0b10b61c8eb9ef1659131cd78dbbd82/springfox-swagger2-2.6.1.jar, file:/Users/ivan.garcia/.gradle/caches/modules-2/files-2.1/org.springframework.boot/spring-boot-devtools/1.4.7.RELEASE/744c89d4b3899f59172844b475bba16fcc4d62b4/spring-boot-devtools-1.4.7.RELEASE.jar, file:/Users/ivan.garcia/.gradle/caches/modules-2/files-2.1/com.h2database/h2/1.3.148/ce09b82b041aed744c94cb1b1addd8a8ba244e54/h2-1.3.148.jar, file:/Users/ivan.garcia/.gradle/caches/modules-2/files-2.1/org.springframework.boot/spring-boot-starter-test/1.4.7.RELEASE/4180347d8c3cd93ac7e6cb46edbea3d0b4e7a58c/spring-boot-starter-test-1.4.7.RELEASE.jar, file:/Users/ivan.garcia/.gradle/caches/modules-2/files-2.1/org.springframework.boot/spring-boot-starter/1.4.7.RELEASE/9c55355d79dc5adb0d53e55f286ae30933782c34/spring-boot-starter-1.4.7.RELEASE.jar, file:/Users/ivan.garcia/.gradle/caches/modules-2/files-2.1/org.springframework.boot/spring-boot-starter-tomcat/1.4.7.RELEASE/ca554242b57c3a163f20d07748a26a3f82f91b94/spring-boot-starter-tomcat-1.4.7.RELEASE.jar, file:/Users/ivan.garcia/.gradle/caches/modules-2/files-2.1/org.hibernate/hibernate-validator/5.2.5.Final/c7e539ab701705d82276a599cb1ba222e1433bd8/hibernate-validator-5.2.5.Final.jar, file:/Users/ivan.garcia/.gradle/caches/modules-2/files-2.1/com.fasterxml.jackson.core/jackson-databind/2.8.8/bf88c7b27e95cbadce4e7c316a56c3efffda8026/jackson-databind-2.8.8.jar, file:/Users/ivan.garcia/.gradle/caches/modules-2/files-2.1/org.springframework/spring-web/4.3.9.RELEASE/91dae64c4280093ad5fb4736a10913c9233479c1/spring-web-4.3.9.RELEASE.jar, file:/Users/ivan.garcia/.gradle/caches/modules-2/files-2.1/org.springframework/spring-webmvc/4.3.9.RELEASE/ca80b4a00abc388d8046bf372099f35564371c47/spring-webmvc-4.3.9.RELEASE.jar, file:/Users/ivan.garcia/.gradle/caches/modules-2/files-2.1/org.springframework.boot/spring-boot-starter-aop/1.4.7.RELEASE/8e1654a8a586e1de8d8ffaee2ff7a214678db79c/spring-boot-starter-aop-1.4.7.RELEASE.jar, file:/Users/ivan.garcia/.gradle/caches/modules-2/files-2.1/org.springframework.boot/spring-boot-starter-jdbc/1.4.7.RELEASE/8346dd8dfdd415206979219bee54257b5f0c0a0c/spring-boot-starter-jdbc-1.4.7.RELEASE.jar, file:/Users/ivan.garcia/.gradle/caches/modules-2/files-2.1/org.hibernate/hibernate-core/5.0.12.Final/e58bf1c660e6706d8e2cbb53bae110f574366102/hibernate-core-5.0.12.Final.jar, file:/Users/ivan.garcia/.gradle/caches/modules-2/files-2.1/org.hibernate/hibernate-entitymanager/5.0.12.Final/302a526f5058290e9cbd719a5caf9f248d344719/hibernate-entitymanager-5.0.12.Final.jar, file:/Users/ivan.garcia/.gradle/caches/modules-2/files-2.1/javax.transaction/javax.transaction-api/1.2/d81aff979d603edd90dcd8db2abc1f4ce6479e3e/javax.transaction-api-1.2.jar, file:/Users/ivan.garcia/.gradle/caches/modules-2/files-2.1/org.springframework.data/spring-data-jpa/1.10.11.RELEASE/5ed321218bdf709f3f915b33d792ce0cc9dc9a93/spring-data-jpa-1.10.11.RELEASE.jar, file:/Users/ivan.garcia/.gradle/caches/modules-2/files-2.1/org.springframework/spring-aspects/4.3.9.RELEASE/6030e253c56ff13df8c1c0e5e17c3b50e5e368b9/spring-aspects-4.3.9.RELEASE.jar, file:/Users/ivan.garcia/.gradle/caches/modules-2/files-2.1/com.fasterxml.jackson.core/jackson-annotations/2.8.8/1ed81c0e4eb2d261d1da0a3a45bd6b199fb5cf9a/jackson-annotations-2.8.8.jar, file:/Users/ivan.garcia/.gradle/caches/modules-2/files-2.1/org.springframework.data/spring-data-rest-webmvc/2.5.11.RELEASE/bbe67ac5cf23ca4f9244e4588d47683be994cd90/spring-data-rest-webmvc-2.5.11.RELEASE.jar, file:/Users/ivan.garcia/.gradle/caches/modules-2/files-2.1/org.springframework/spring-aop/4.3.9.RELEASE/95f5f5cf3cae64266a89dc1bc9e0484425cd8358/spring-aop-4.3.9.RELEASE.jar, file:/Users/ivan.garcia/.gradle/caches/modules-2/files-2.1/org.springframework.security/spring-security-config/4.1.4.RELEASE/cdbe774537be58d3d7ca0662619bf9f57b5c8209/spring-security-config-4.1.4.RELEASE.jar, file:/Users/ivan.garcia/.gradle/caches/modules-2/files-2.1/org.springframework.security/spring-security-web/4.1.4.RELEASE/f3560a3e82a910b8005f28552e4cb0660ce50b26/spring-security-web-4.1.4.RELEASE.jar, file:/Users/ivan.garcia/.gradle/caches/modules-2/files-2.1/io.springfox/springfox-spring-web/2.6.1/6478ed7e49755b652aac907d42a735349056a6a/springfox-spring-web-2.6.1.jar, file:/Users/ivan.garcia/.gradle/caches/modules-2/files-2.1/io.swagger/swagger-annotations/1.5.10/246ec68bce560227d3633d5ab5979437544bd6dc/swagger-annotations-1.5.10.jar, file:/Users/ivan.garcia/.gradle/caches/modules-2/files-2.1/io.swagger/swagger-models/1.5.10/da29e4f4f7cff80b1ef134b0f3805013be443e58/swagger-models-1.5.10.jar, file:/Users/ivan.garcia/.gradle/caches/modules-2/files-2.1/io.springfox/springfox-spi/2.6.1/972ae720c6a9a5f31be2744972b435cc39166174/springfox-spi-2.6.1.jar, file:/Users/ivan.garcia/.gradle/caches/modules-2/files-2.1/io.springfox/springfox-schema/2.6.1/b4d837ed7dc726a59504d2e6587e162e071a8965/springfox-schema-2.6.1.jar, file:/Users/ivan.garcia/.gradle/caches/modules-2/files-2.1/io.springfox/springfox-swagger-common/2.6.1/47befb039a0a1f0cdaab74d2777fa9eb6b01f8db/springfox-swagger-common-2.6.1.jar, file:/Users/ivan.garcia/.gradle/caches/modules-2/files-2.1/com.google.guava/guava/18.0/cce0823396aa693798f8882e64213b1772032b09/guava-18.0.jar, file:/Users/ivan.garcia/.gradle/caches/modules-2/files-2.1/com.fasterxml/classmate/1.3.3/864c8e370a691e343210cc7c532fc198cee460d8/classmate-1.3.3.jar, file:/Users/ivan.garcia/.gradle/caches/modules-2/files-2.1/org.slf4j/slf4j-api/1.7.25/da76ca59f6a57ee3102f8f9bd9cee742973efa8a/slf4j-api-1.7.25.jar, file:/Users/ivan.garcia/.gradle/caches/modules-2/files-2.1/org.springframework.plugin/spring-plugin-core/1.2.0.RELEASE/f380e7760032e7d929184f8ad8a33716b75c0657/spring-plugin-core-1.2.0.RELEASE.jar, file:/Users/ivan.garcia/.gradle/caches/modules-2/files-2.1/org.springframework.plugin/spring-plugin-metadata/1.2.0.RELEASE/97223fc496b6cab31602eedbd4202aa4fff0d44f/spring-plugin-metadata-1.2.0.RELEASE.jar, file:/Users/ivan.garcia/.gradle/caches/modules-2/files-2.1/org.mapstruct/mapstruct/1.0.0.Final/794bb2c7d3dd69211deb22857d92fb4c5361be3f/mapstruct-1.0.0.Final.jar, file:/Users/ivan.garcia/.gradle/caches/modules-2/files-2.1/org.springframework.boot/spring-boot/1.4.7.RELEASE/1a73f7004206cdb0de23f1e63b8c1c9c6c0db4e/spring-boot-1.4.7.RELEASE.jar, file:/Users/ivan.garcia/.gradle/caches/modules-2/files-2.1/org.springframework.boot/spring-boot-autoconfigure/1.4.7.RELEASE/30d3d2f44bc9446389e9c520f6c92cd7a3b24af0/spring-boot-autoconfigure-1.4.7.RELEASE.jar, file:/Users/ivan.garcia/.gradle/caches/modules-2/files-2.1/org.springframework.boot/spring-boot-test/1.4.7.RELEASE/1a4f4231a61b99d516d06bc77f969d78e78116ff/spring-boot-test-1.4.7.RELEASE.jar, file:/Users/ivan.garcia/.gradle/caches/modules-2/files-2.1/org.springframework.boot/spring-boot-test-autoconfigure/1.4.7.RELEASE/e871387535de39baec6dcd0b6bbb95e36379c2e9/spring-boot-test-autoconfigure-1.4.7.RELEASE.jar, file:/Users/ivan.garcia/.gradle/caches/modules-2/files-2.1/com.jayway.jsonpath/json-path/2.2.0/22290d17944bd239fabf5ac69005a60a7ecbbbcb/json-path-2.2.0.jar, file:/Users/ivan.garcia/.gradle/caches/modules-2/files-2.1/junit/junit/4.12/2973d150c0dc1fefe998f834810d68f278ea58ec/junit-4.12.jar, file:/Users/ivan.garcia/.gradle/caches/modules-2/files-2.1/org.assertj/assertj-core/2.5.0/fcd21db4c5f33e5dcac69bf1816415fe0647582f/assertj-core-2.5.0.jar, file:/Users/ivan.garcia/.gradle/caches/modules-2/files-2.1/org.mockito/mockito-core/1.10.19/e8546f5bef4e061d8dd73895b4e8f40e3fe6effe/mockito-core-1.10.19.jar, file:/Users/ivan.garcia/.gradle/caches/modules-2/files-2.1/org.hamcrest/hamcrest-core/1.3/42a25dc3219429f0e5d060061f71acb49bf010a0/hamcrest-core-1.3.jar, file:/Users/ivan.garcia/.gradle/caches/modules-2/files-2.1/org.hamcrest/hamcrest-library/1.3/4785a3c21320980282f9f33d0d1264a69040538f/hamcrest-library-1.3.jar, file:/Users/ivan.garcia/.gradle/caches/modules-2/files-2.1/org.skyscreamer/jsonassert/1.3.0/d5c250eb122496866de36dc84f98e2945845ecdd/jsonassert-1.3.0.jar, file:/Users/ivan.garcia/.gradle/caches/modules-2/files-2.1/org.springframework/spring-core/4.3.9.RELEASE/430b7298bfb85d66fb61e19ca8f06231b911e9f5/spring-core-4.3.9.RELEASE.jar, file:/Users/ivan.garcia/.gradle/caches/modules-2/files-2.1/org.springframework/spring-test/4.3.9.RELEASE/35bf4c38c9245f5baeeda4bea7c41f4f33c5daf3/spring-test-4.3.9.RELEASE.jar, file:/Users/ivan.garcia/.gradle/caches/modules-2/files-2.1/org.springframework.boot/spring-boot-starter-logging/1.4.7.RELEASE/bb617b8e7c2a309dacd8f9863347845b8666f186/spring-boot-starter-logging-1.4.7.RELEASE.jar, file:/Users/ivan.garcia/.gradle/caches/modules-2/files-2.1/org.yaml/snakeyaml/1.17/7a27ea250c5130b2922b86dea63cbb1cc10a660c/snakeyaml-1.17.jar, file:/Users/ivan.garcia/.gradle/caches/modules-2/files-2.1/org.apache.tomcat.embed/tomcat-embed-core/8.5.15/f197a93ae66212767b004fd93d7a1a8ea62bc3fa/tomcat-embed-core-8.5.15.jar, file:/Users/ivan.garcia/.gradle/caches/modules-2/files-2.1/org.apache.tomcat.embed/tomcat-embed-el/8.5.15/e4000e5386056eeebb43bf71e7d30c58d2473166/tomcat-embed-el-8.5.15.jar, file:/Users/ivan.garcia/.gradle/caches/modules-2/files-2.1/org.apache.tomcat.embed/tomcat-embed-websocket/8.5.15/a92b066b0ea9ee1cb05b7d5e4bfed4ad8898f741/tomcat-embed-websocket-8.5.15.jar, file:/Users/ivan.garcia/.gradle/caches/modules-2/files-2.1/javax.validation/validation-api/1.1.0.Final/8613ae82954779d518631e05daa73a6a954817d5/validation-api-1.1.0.Final.jar, file:/Users/ivan.garcia/.gradle/caches/modules-2/files-2.1/org.jboss.logging/jboss-logging/3.3.1.Final/c46217ab74b532568c0ed31dc599db3048bd1b67/jboss-logging-3.3.1.Final.jar, file:/Users/ivan.garcia/.gradle/caches/modules-2/files-2.1/com.fasterxml.jackson.core/jackson-core/2.8.8/d478fb6de45a7c3d2cad07c8ad70c7f0a797a020/jackson-core-2.8.8.jar, file:/Users/ivan.garcia/.gradle/caches/modules-2/files-2.1/org.springframework/spring-beans/4.3.9.RELEASE/daa5abf3779c8cad1a2910e1ea08e4272489d8ae/spring-beans-4.3.9.RELEASE.jar, file:/Users/ivan.garcia/.gradle/caches/modules-2/files-2.1/org.springframework/spring-context/4.3.9.RELEASE/a186823724f03b98becd5f93b1fa107fe6f7a7ff/spring-context-4.3.9.RELEASE.jar, file:/Users/ivan.garcia/.gradle/caches/modules-2/files-2.1/org.springframework/spring-expression/4.3.9.RELEASE/4edca6913da9e62a6586714e053e01a61952a153/spring-expression-4.3.9.RELEASE.jar, file:/Users/ivan.garcia/.gradle/caches/modules-2/files-2.1/org.aspectj/aspectjweaver/1.8.10/e198c5fee28988c355f74e06461614eae36b2032/aspectjweaver-1.8.10.jar, file:/Users/ivan.garcia/.gradle/caches/modules-2/files-2.1/org.apache.tomcat/tomcat-jdbc/8.5.15/1f802a58c21283fcdff1572a390bf98ae7231ea3/tomcat-jdbc-8.5.15.jar, file:/Users/ivan.garcia/.gradle/caches/modules-2/files-2.1/org.springframework/spring-jdbc/4.3.9.RELEASE/ef8476b954a4211a21147b3ae15996443a76c6f8/spring-jdbc-4.3.9.RELEASE.jar, file:/Users/ivan.garcia/.gradle/caches/modules-2/files-2.1/org.hibernate.javax.persistence/hibernate-jpa-2.1-api/1.0.0.Final/5e731d961297e5a07290bfaf3db1fbc8bbbf405a/hibernate-jpa-2.1-api-1.0.0.Final.jar, file:/Users/ivan.garcia/.gradle/caches/modules-2/files-2.1/org.javassist/javassist/3.20.0-GA/a9cbcdfb7e9f86fbc74d3afae65f2248bfbf82a0/javassist-3.20.0-GA.jar, file:/Users/ivan.garcia/.gradle/caches/modules-2/files-2.1/antlr/antlr/2.7.7/83cd2cd674a217ade95a4bb83a8a14f351f48bd0/antlr-2.7.7.jar, file:/Users/ivan.garcia/.gradle/caches/modules-2/files-2.1/org.jboss/jandex/2.0.0.Final/3e899258936f94649c777193e1be846387ed54b3/jandex-2.0.0.Final.jar, file:/Users/ivan.garcia/.gradle/caches/modules-2/files-2.1/dom4j/dom4j/1.6.1/5d3ccc056b6f056dbf0dddfdf43894b9065a8f94/dom4j-1.6.1.jar, file:/Users/ivan.garcia/.gradle/caches/modules-2/files-2.1/org.hibernate.common/hibernate-commons-annotations/5.0.1.Final/71e1cff3fcb20d3b3af4f3363c3ddb24d33c6879/hibernate-commons-annotations-5.0.1.Final.jar, file:/Users/ivan.garcia/.gradle/caches/modules-2/files-2.1/org.springframework.data/spring-data-commons/1.12.11.RELEASE/ac256a5df93c0c62d2ea3c835d0454f97bc5678c/spring-data-commons-1.12.11.RELEASE.jar, file:/Users/ivan.garcia/.gradle/caches/modules-2/files-2.1/org.springframework/spring-orm/4.3.9.RELEASE/ea9de867a7b686744f0e0bc1ecfcc9d3844e4cd7/spring-orm-4.3.9.RELEASE.jar, file:/Users/ivan.garcia/.gradle/caches/modules-2/files-2.1/org.springframework/spring-tx/4.3.9.RELEASE/7a7b1775e1e604841f8b619e110e43d9929c37ab/spring-tx-4.3.9.RELEASE.jar, file:/Users/ivan.garcia/.gradle/caches/modules-2/files-2.1/org.slf4j/jcl-over-slf4j/1.7.25/f8c32b13ff142a513eeb5b6330b1588dcb2c0461/jcl-over-slf4j-1.7.25.jar, file:/Users/ivan.garcia/.gradle/caches/modules-2/files-2.1/org.springframework.data/spring-data-rest-core/2.5.11.RELEASE/4580a4b5dc02eb769404937ce7d1dd71fd34dd7d/spring-data-rest-core-2.5.11.RELEASE.jar, file:/Users/ivan.garcia/.gradle/caches/modules-2/files-2.1/org.springframework.security/spring-security-core/4.1.4.RELEASE/382ca3b438f686c664c539a72cc6a2c81f8592fa/spring-security-core-4.1.4.RELEASE.jar, file:/Users/ivan.garcia/.gradle/caches/modules-2/files-2.1/io.springfox/springfox-core/2.6.1/5c502e6b9d50d34096077eacc384cd00f63710e1/springfox-core-2.6.1.jar, file:/Users/ivan.garcia/.gradle/caches/modules-2/files-2.1/net.minidev/json-smart/2.2.1/5b9e5df7a62d1279b70dc882b041d249c4f0b002/json-smart-2.2.1.jar, file:/Users/ivan.garcia/.gradle/caches/modules-2/files-2.1/org.objenesis/objenesis/2.1/87c0ea803b69252868d09308b4618f766f135a96/objenesis-2.1.jar, file:/Users/ivan.garcia/.gradle/caches/modules-2/files-2.1/org.json/json/20140107/d1ffca6e2482b002702c6a576166fd685e3370e3/json-20140107.jar, file:/Users/ivan.garcia/.gradle/caches/modules-2/files-2.1/ch.qos.logback/logback-classic/1.1.11/ccedfbacef4a6515d2983e3f89ed753d5d4fb665/logback-classic-1.1.11.jar, file:/Users/ivan.garcia/.gradle/caches/modules-2/files-2.1/org.slf4j/jul-to-slf4j/1.7.25/af5364cd6679bfffb114f0dec8a157aaa283b76/jul-to-slf4j-1.7.25.jar, file:/Users/ivan.garcia/.gradle/caches/modules-2/files-2.1/org.slf4j/log4j-over-slf4j/1.7.25/a87bb47468f47ee7aabbd54f93e133d4215769c3/log4j-over-slf4j-1.7.25.jar, file:/Users/ivan.garcia/.gradle/caches/modules-2/files-2.1/org.apache.tomcat/tomcat-juli/8.5.15/b21c47750b0d0356acbbbf0c30cb36cb2268dc8d/tomcat-juli-8.5.15.jar, file:/Users/ivan.garcia/.gradle/caches/modules-2/files-2.1/xml-apis/xml-apis/1.4.01/3789d9fada2d3d458c4ba2de349d48780f381ee3/xml-apis-1.4.01.jar, file:/Users/ivan.garcia/.gradle/caches/modules-2/files-2.1/org.springframework.hateoas/spring-hateoas/0.20.0.RELEASE/623a5983010e905090f69e55f4e0a63fba195085/spring-hateoas-0.20.0.RELEASE.jar, file:/Users/ivan.garcia/.gradle/caches/modules-2/files-2.1/org.atteo/evo-inflector/1.2.2/2551aad98d65ac5464d81fe05f0e1516cfe471c9/evo-inflector-1.2.2.jar, file:/Users/ivan.garcia/.gradle/caches/modules-2/files-2.1/net.minidev/accessors-smart/1.1/a527213f2fea112a04c9bdf0ec0264e34104cd08/accessors-smart-1.1.jar, file:/Users/ivan.garcia/.gradle/caches/modules-2/files-2.1/ch.qos.logback/logback-core/1.1.11/88b8df40340eed549fb07e2613879bf6b006704d/logback-core-1.1.11.jar, file:/Users/ivan.garcia/.gradle/caches/modules-2/files-2.1/org.ow2.asm/asm/5.0.3/dcc2193db20e19e1feca8b1240dbbc4e190824fa/asm-5.0.3.jar]
18-febrero-20 16:47:21:807 DEBUG Test worker o.s.c.e.PropertySourcesPropertyResolver:91 - Could not find key 'context.listener.classes' in any property source
18-febrero-20 16:47:21:935 DEBUG Test worker o.s.c.e.PropertySourcesPropertyResolver:91 - Could not find key 'context.initializer.classes' in any property source
18-febrero-20 16:47:21:936 DEBUG Test worker o.s.c.e.PropertySourcesPropertyResolver:91 - Could not find key 'spring.config.name:application' in any property source
18-febrero-20 16:47:21:936 DEBUG Test worker o.s.c.e.PropertySourcesPropertyResolver:91 - Could not find key 'spring.config.name' in any property source
18-febrero-20 16:47:21:938 DEBUG Test worker o.s.c.e.PropertySourcesPropertyResolver:91 - Could not find key 'vcap.application.name:application' in any property source
18-febrero-20 16:47:21:939 DEBUG Test worker o.s.c.e.PropertySourcesPropertyResolver:91 - Could not find key 'vcap.application.name' in any property source
18-febrero-20 16:47:21:940 DEBUG Test worker o.s.c.e.PropertySourcesPropertyResolver:91 - Could not find key 'spring.application.name:application' in any property source
18-febrero-20 16:47:21:941 DEBUG Test worker o.s.c.e.PropertySourcesPropertyResolver:91 - Could not find key 'spring.application.name' in any property source
18-febrero-20 16:47:21:942 DEBUG Test worker o.s.c.e.PropertySourcesPropertyResolver:91 - Could not find key 'PORT:null' in any property source
18-febrero-20 16:47:21:942 DEBUG Test worker o.s.c.e.PropertySourcesPropertyResolver:91 - Could not find key 'PORT' in any property source
18-febrero-20 16:47:21:943 DEBUG Test worker o.s.c.e.PropertySourcesPropertyResolver:91 - Could not find key 'server.port:null' in any property source
18-febrero-20 16:47:21:944 DEBUG Test worker o.s.c.e.PropertySourcesPropertyResolver:151 - Found key 'server.port' in [Inlined Test Properties] with type [String]
18-febrero-20 16:47:21:944 DEBUG Test worker o.s.c.e.PropertySourcesPropertyResolver:91 - Could not find key 'spring.application.index:-1' in any property source
18-febrero-20 16:47:21:945 DEBUG Test worker o.s.c.e.PropertySourcesPropertyResolver:91 - Could not find key 'spring.application.index' in any property source
18-febrero-20 16:47:21:947 DEBUG Test worker o.s.c.e.PropertySourcesPropertyResolver:91 - Could not find key 'vcap.application.instance_index:-1' in any property source
18-febrero-20 16:47:21:947 DEBUG Test worker o.s.c.e.PropertySourcesPropertyResolver:91 - Could not find key 'vcap.application.instance_index' in any property source
18-febrero-20 16:47:21:992 DEBUG Test worker o.s.b.f.s.DefaultListableBeanFactory:900 - Registering scope 'restart' with implementation [org.springframework.boot.devtools.restart.RestartScopeInitializer$RestartScope@627b9feb]
18-febrero-20 16:47:21:997 DEBUG Test worker o.s.b.f.s.DefaultListableBeanFactory:251 - Returning cached instance of singleton bean 'autoConfigurationReport'
18-febrero-20 16:47:22:004  INFO Test worker c.p.r.ProductRepositoryTest:48 - Starting ProductRepositoryTest on Mac-ivangarcia.local with PID 88121 (started by ivan.garcia in /Users/ivan.garcia/Documents/eclipse-workspace/PrivaliaSpringBootProject)
18-febrero-20 16:47:22:005 DEBUG Test worker c.p.r.ProductRepositoryTest:51 - Running with Spring Boot v1.4.7.RELEASE, Spring v4.3.9.RELEASE
18-febrero-20 16:47:22:006  INFO Test worker c.p.r.ProductRepositoryTest:666 - The following profiles are active: dev
18-febrero-20 16:47:22:007 DEBUG Test worker o.s.b.SpringApplication:690 - Loading source class com.privalia.configuration.RepositoryConfiguration
18-febrero-20 16:47:22:058 DEBUG Test worker o.s.c.a.ClassPathBeanDefinitionScanner:189 - JSR-250 'javax.annotation.ManagedBean' found and supported for component scanning
18-febrero-20 16:47:22:139 DEBUG Test worker o.s.b.c.c.ConfigFileApplicationListener:172 - Activated profiles dev
18-febrero-20 16:47:22:141 DEBUG Test worker o.s.b.c.c.ConfigFileApplicationListener:172 - Loaded config file 'file:/Users/ivan.garcia/Documents/eclipse-workspace/PrivaliaSpringBootProject/build/resources/main/application.properties' (classpath:/application.properties)
18-febrero-20 16:47:22:142 DEBUG Test worker o.s.b.c.c.ConfigFileApplicationListener:172 - Skipped (empty) config file 'file:/Users/ivan.garcia/Documents/eclipse-workspace/PrivaliaSpringBootProject/build/resources/main/application.properties' (classpath:/application.properties) for profile dev
18-febrero-20 16:47:22:148  INFO Test worker o.s.w.c.s.GenericWebApplicationContext:583 - Refreshing org.springframework.web.context.support.GenericWebApplicationContext@305e722c: startup date [Tue Feb 20 16:47:22 CET 2018]; root of context hierarchy
18-febrero-20 16:47:22:149 DEBUG Test worker o.s.w.c.s.GenericWebApplicationContext:617 - Bean factory for org.springframework.web.context.support.GenericWebApplicationContext@305e722c: org.springframework.beans.factory.support.DefaultListableBeanFactory@6e2e64b7: defining beans [org.springframework.boot.test.mock.mockito.MockitoPostProcessor$SpyPostProcessor,org.springframework.boot.test.mock.mockito.MockitoPostProcessor,org.springframework.context.annotation.internalConfigurationAnnotationProcessor,org.springframework.context.annotation.internalAutowiredAnnotationProcessor,org.springframework.context.annotation.internalRequiredAnnotationProcessor,org.springframework.context.annotation.internalCommonAnnotationProcessor,org.springframework.context.annotation.internalPersistenceAnnotationProcessor,org.springframework.context.event.internalEventListenerProcessor,org.springframework.context.event.internalEventListenerFactory,repositoryConfiguration]; root of factory hierarchy
18-febrero-20 16:47:22:163 DEBUG Test worker o.s.b.f.s.DefaultListableBeanFactory:900 - Registering scope 'request' with implementation [org.springframework.web.context.request.RequestScope@707a8c0b]
18-febrero-20 16:47:22:164 DEBUG Test worker o.s.b.f.s.DefaultListableBeanFactory:900 - Registering scope 'session' with implementation [org.springframework.web.context.request.SessionScope@53d61e26]
18-febrero-20 16:47:22:164 DEBUG Test worker o.s.b.f.s.DefaultListableBeanFactory:900 - Registering scope 'globalSession' with implementation [org.springframework.web.context.request.SessionScope@7768da83]
18-febrero-20 16:47:22:166 DEBUG Test worker o.s.b.f.s.DefaultListableBeanFactory:900 - Registering scope 'application' with implementation [org.springframework.web.context.support.ServletContextScope@3ab88ab7]
18-febrero-20 16:47:22:176 DEBUG Test worker o.s.b.f.s.DefaultListableBeanFactory:221 - Creating shared instance of singleton bean 'org.springframework.context.annotation.internalConfigurationAnnotationProcessor'
18-febrero-20 16:47:22:182 DEBUG Test worker o.s.b.f.s.DefaultListableBeanFactory:449 - Creating instance of bean 'org.springframework.context.annotation.internalConfigurationAnnotationProcessor'
18-febrero-20 16:47:22:184 DEBUG background-preinit o.j.logging:160 - Logging Provider: org.jboss.logging.Slf4jLoggerProvider found via system property
18-febrero-20 16:47:22:188  INFO background-preinit o.h.v.i.u.Version:30 - HV000001: Hibernate Validator 5.2.5.Final
18-febrero-20 16:47:22:192 DEBUG Test worker o.s.b.f.s.DefaultListableBeanFactory:539 - Eagerly caching bean 'org.springframework.context.annotation.internalConfigurationAnnotationProcessor' to allow for resolving potential circular references
18-febrero-20 16:47:22:250 DEBUG Test worker o.s.b.f.s.DefaultListableBeanFactory:221 - Creating shared instance of singleton bean 'org.springframework.boot.autoconfigure.internalCachingMetadataReaderFactory'
18-febrero-20 16:47:22:251 DEBUG Test worker o.s.b.f.s.DefaultListableBeanFactory:449 - Creating instance of bean 'org.springframework.boot.autoconfigure.internalCachingMetadataReaderFactory'
18-febrero-20 16:47:22:251 DEBUG Test worker o.s.b.f.s.DefaultListableBeanFactory:539 - Eagerly caching bean 'org.springframework.boot.autoconfigure.internalCachingMetadataReaderFactory' to allow for resolving potential circular references
18-febrero-20 16:47:22:253 DEBUG Test worker o.s.b.f.s.DefaultListableBeanFactory:485 - Finished creating instance of bean 'org.springframework.boot.autoconfigure.internalCachingMetadataReaderFactory'
18-febrero-20 16:47:22:260 DEBUG Test worker o.s.b.f.s.DefaultListableBeanFactory:485 - Finished creating instance of bean 'org.springframework.context.annotation.internalConfigurationAnnotationProcessor'
18-febrero-20 16:47:22:260 DEBUG background-preinit o.h.v.i.e.r.DefaultTraversableResolver:103 - Found javax.persistence.Persistence on classpath containing 'getPersistenceUtil'. Assuming JPA 2 environment. Trying to instantiate JPA aware TraversableResolver
18-febrero-20 16:47:22:262 DEBUG background-preinit o.h.v.i.e.r.DefaultTraversableResolver:114 - Instantiated JPA aware TraversableResolver of type org.hibernate.validator.internal.engine.resolver.JPATraversableResolver.
18-febrero-20 16:47:22:301 DEBUG Test worker o.s.c.e.PropertySourcesPropertyResolver:91 - Could not find key 'spring.boot.enableautoconfiguration' in any property source
18-febrero-20 16:47:22:306 DEBUG Test worker o.s.c.e.PropertySourcesPropertyResolver:151 - Found key 'spring.jmx.enabled' in [Inlined Test Properties] with type [String]
18-febrero-20 16:47:22:307 DEBUG Test worker o.s.c.e.PropertySourcesPropertyResolver:151 - Found key 'org.springframework.boot.test.context.SpringBootTestContextBootstrapper' in [Inlined Test Properties] with type [String]
18-febrero-20 16:47:22:307 DEBUG Test worker o.s.c.e.PropertySourcesPropertyResolver:151 - Found key 'server.port' in [Inlined Test Properties] with type [String]
18-febrero-20 16:47:22:308 DEBUG Test worker o.s.c.e.PropertySourcesPropertyResolver:151 - Found key 'java.runtime.name' in [systemProperties] with type [String]
18-febrero-20 16:47:22:308 DEBUG Test worker o.s.c.e.PropertySourcesPropertyResolver:151 - Found key 'sun.boot.library.path' in [systemProperties] with type [String]
18-febrero-20 16:47:22:309 DEBUG Test worker o.s.c.e.PropertySourcesPropertyResolver:151 - Found key 'java.vm.version' in [systemProperties] with type [String]
18-febrero-20 16:47:22:310 DEBUG Test worker o.s.c.e.PropertySourcesPropertyResolver:151 - Found key 'gopherProxySet' in [systemProperties] with type [String]
18-febrero-20 16:47:22:310 DEBUG Test worker o.s.c.e.PropertySourcesPropertyResolver:151 - Found key 'java.vm.vendor' in [systemProperties] with type [String]
18-febrero-20 16:47:22:311 DEBUG Test worker o.s.c.e.PropertySourcesPropertyResolver:151 - Found key 'java.vendor.url' in [systemProperties] with type [String]
18-febrero-20 16:47:22:312 DEBUG Test worker o.s.c.e.PropertySourcesPropertyResolver:151 - Found key 'path.separator' in [systemProperties] with type [String]
18-febrero-20 16:47:22:315 DEBUG Test worker o.s.c.e.PropertySourcesPropertyResolver:151 - Found key 'java.vm.name' in [systemProperties] with type [String]
18-febrero-20 16:47:22:316 DEBUG Test worker o.s.c.e.PropertySourcesPropertyResolver:151 - Found key 'file.encoding.pkg' in [systemProperties] with type [String]
18-febrero-20 16:47:22:317 DEBUG Test worker o.s.c.e.PropertySourcesPropertyResolver:151 - Found key 'sun.java.launcher' in [systemProperties] with type [String]
18-febrero-20 16:47:22:317 DEBUG Test worker o.s.c.e.PropertySourcesPropertyResolver:151 - Found key 'user.country' in [systemProperties] with type [String]
18-febrero-20 16:47:22:318 DEBUG Test worker o.s.c.e.PropertySourcesPropertyResolver:151 - Found key 'sun.os.patch.level' in [systemProperties] with type [String]
18-febrero-20 16:47:22:318 DEBUG Test worker o.s.c.e.PropertySourcesPropertyResolver:151 - Found key 'PID' in [systemProperties] with type [String]
18-febrero-20 16:47:22:319 DEBUG Test worker o.s.c.e.PropertySourcesPropertyResolver:151 - Found key 'java.vm.specification.name' in [systemProperties] with type [String]
18-febrero-20 16:47:22:319 DEBUG Test worker o.s.c.e.PropertySourcesPropertyResolver:151 - Found key 'user.dir' in [systemProperties] with type [String]
18-febrero-20 16:47:22:320 DEBUG Test worker o.s.c.e.PropertySourcesPropertyResolver:151 - Found key 'java.runtime.version' in [systemProperties] with type [String]
18-febrero-20 16:47:22:321 DEBUG Test worker o.s.c.e.PropertySourcesPropertyResolver:151 - Found key 'java.awt.graphicsenv' in [systemProperties] with type [String]
18-febrero-20 16:47:22:321 DEBUG Test worker o.s.c.e.PropertySourcesPropertyResolver:151 - Found key 'org.jboss.logging.provider' in [systemProperties] with type [String]
18-febrero-20 16:47:22:322 DEBUG Test worker o.s.c.e.PropertySourcesPropertyResolver:151 - Found key 'java.endorsed.dirs' in [systemProperties] with type [String]
18-febrero-20 16:47:22:323 DEBUG Test worker o.s.c.e.PropertySourcesPropertyResolver:151 - Found key 'os.arch' in [systemProperties] with type [String]
18-febrero-20 16:47:22:323 DEBUG Test worker o.s.c.e.PropertySourcesPropertyResolver:151 - Found key 'java.io.tmpdir' in [systemProperties] with type [String]
18-febrero-20 16:47:22:324 DEBUG Test worker o.s.c.e.PropertySourcesPropertyResolver:151 - Found key 'line.separator' in [systemProperties] with type [String]
18-febrero-20 16:47:22:324 DEBUG Test worker o.s.c.e.PropertySourcesPropertyResolver:151 - Found key 'java.vm.specification.vendor' in [systemProperties] with type [String]
18-febrero-20 16:47:22:325 DEBUG Test worker o.s.c.e.PropertySourcesPropertyResolver:151 - Found key 'user.variant' in [systemProperties] with type [String]
18-febrero-20 16:47:22:327 DEBUG Test worker o.s.c.e.PropertySourcesPropertyResolver:151 - Found key 'os.name' in [systemProperties] with type [String]
18-febrero-20 16:47:22:327 DEBUG Test worker o.s.c.e.PropertySourcesPropertyResolver:151 - Found key 'sun.jnu.encoding' in [systemProperties] with type [String]
18-febrero-20 16:47:22:328 DEBUG Test worker o.s.c.e.PropertySourcesPropertyResolver:151 - Found key 'spring.beaninfo.ignore' in [systemProperties] with type [String]
18-febrero-20 16:47:22:329 DEBUG Test worker o.s.c.e.PropertySourcesPropertyResolver:151 - Found key 'java.library.path' in [systemProperties] with type [String]
18-febrero-20 16:47:22:331 DEBUG Test worker o.s.c.e.PropertySourcesPropertyResolver:151 - Found key 'java.specification.name' in [systemProperties] with type [String]
18-febrero-20 16:47:22:332 DEBUG Test worker o.s.c.e.PropertySourcesPropertyResolver:151 - Found key 'java.class.version' in [systemProperties] with type [String]
18-febrero-20 16:47:22:333 DEBUG Test worker o.s.c.e.PropertySourcesPropertyResolver:151 - Found key 'sun.management.compiler' in [systemProperties] with type [String]
18-febrero-20 16:47:22:335 DEBUG Test worker o.s.c.e.PropertySourcesPropertyResolver:151 - Found key 'os.version' in [systemProperties] with type [String]
18-febrero-20 16:47:22:335 DEBUG Test worker o.s.c.e.PropertySourcesPropertyResolver:151 - Found key 'http.nonProxyHosts' in [systemProperties] with type [String]
18-febrero-20 16:47:22:336 DEBUG Test worker o.s.c.e.PropertySourcesPropertyResolver:151 - Found key 'user.home' in [systemProperties] with type [String]
18-febrero-20 16:47:22:337 DEBUG Test worker o.s.c.e.PropertySourcesPropertyResolver:151 - Found key 'user.timezone' in [systemProperties] with type [String]
18-febrero-20 16:47:22:337 DEBUG Test worker o.s.c.e.PropertySourcesPropertyResolver:151 - Found key 'java.awt.printerjob' in [systemProperties] with type [String]
18-febrero-20 16:47:22:338 DEBUG Test worker o.s.c.e.PropertySourcesPropertyResolver:151 - Found key 'file.encoding' in [systemProperties] with type [String]
18-febrero-20 16:47:22:339 DEBUG Test worker o.s.c.e.PropertySourcesPropertyResolver:151 - Found key 'java.specification.version' in [systemProperties] with type [String]
18-febrero-20 16:47:22:347 DEBUG Test worker o.s.c.e.PropertySourcesPropertyResolver:151 - Found key 'java.class.path' in [systemProperties] with type [String]
18-febrero-20 16:47:22:348 DEBUG Test worker o.s.c.e.PropertySourcesPropertyResolver:151 - Found key 'user.name' in [systemProperties] with type [String]
18-febrero-20 16:47:22:349 DEBUG Test worker o.s.c.e.PropertySourcesPropertyResolver:151 - Found key 'java.vm.specification.version' in [systemProperties] with type [String]
18-febrero-20 16:47:22:350 DEBUG Test worker o.s.c.e.PropertySourcesPropertyResolver:151 - Found key 'sun.java.command' in [systemProperties] with type [String]
18-febrero-20 16:47:22:352 DEBUG Test worker o.s.c.e.PropertySourcesPropertyResolver:151 - Found key 'java.home' in [systemProperties] with type [String]
18-febrero-20 16:47:22:352 DEBUG Test worker o.s.c.e.PropertySourcesPropertyResolver:151 - Found key 'sun.arch.data.model' in [systemProperties] with type [String]
18-febrero-20 16:47:22:353 DEBUG Test worker o.s.c.e.PropertySourcesPropertyResolver:151 - Found key 'user.language' in [systemProperties] with type [String]
18-febrero-20 16:47:22:354 DEBUG Test worker o.s.c.e.PropertySourcesPropertyResolver:151 - Found key 'java.specification.vendor' in [systemProperties] with type [String]
18-febrero-20 16:47:22:355 DEBUG Test worker o.s.c.e.PropertySourcesPropertyResolver:151 - Found key 'awt.toolkit' in [systemProperties] with type [String]
18-febrero-20 16:47:22:356 DEBUG Test worker o.s.c.e.PropertySourcesPropertyResolver:151 - Found key 'java.vm.info' in [systemProperties] with type [String]
18-febrero-20 16:47:22:356 DEBUG Test worker o.s.c.e.PropertySourcesPropertyResolver:151 - Found key 'java.version' in [systemProperties] with type [String]
18-febrero-20 16:47:22:357 DEBUG Test worker o.s.c.e.PropertySourcesPropertyResolver:151 - Found key 'java.ext.dirs' in [systemProperties] with type [String]
18-febrero-20 16:47:22:358 DEBUG Test worker o.s.c.e.PropertySourcesPropertyResolver:151 - Found key 'sun.boot.class.path' in [systemProperties] with type [String]
18-febrero-20 16:47:22:358 DEBUG Test worker o.s.c.e.PropertySourcesPropertyResolver:151 - Found key 'java.awt.headless' in [systemProperties] with type [String]
18-febrero-20 16:47:22:359 DEBUG Test worker o.s.c.e.PropertySourcesPropertyResolver:151 - Found key 'java.vendor' in [systemProperties] with type [String]
18-febrero-20 16:47:22:360 DEBUG Test worker o.s.c.e.PropertySourcesPropertyResolver:151 - Found key 'org.gradle.test.worker' in [systemProperties] with type [String]
18-febrero-20 16:47:22:361 DEBUG Test worker o.s.c.e.PropertySourcesPropertyResolver:151 - Found key 'file.separator' in [systemProperties] with type [String]
18-febrero-20 16:47:22:362 DEBUG Test worker o.s.c.e.PropertySourcesPropertyResolver:151 - Found key 'java.vendor.url.bug' in [systemProperties] with type [String]
18-febrero-20 16:47:22:362 DEBUG Test worker o.s.c.e.PropertySourcesPropertyResolver:151 - Found key 'sun.io.unicode.encoding' in [systemProperties] with type [String]
18-febrero-20 16:47:22:363 DEBUG Test worker o.s.c.e.PropertySourcesPropertyResolver:151 - Found key 'sun.cpu.endian' in [systemProperties] with type [String]
18-febrero-20 16:47:22:364 DEBUG Test worker o.s.c.e.PropertySourcesPropertyResolver:151 - Found key 'socksNonProxyHosts' in [systemProperties] with type [String]
18-febrero-20 16:47:22:365 DEBUG Test worker o.s.c.e.PropertySourcesPropertyResolver:151 - Found key 'ftp.nonProxyHosts' in [systemProperties] with type [String]
18-febrero-20 16:47:22:365 DEBUG Test worker o.s.c.e.PropertySourcesPropertyResolver:151 - Found key 'sun.cpu.isalist' in [systemProperties] with type [String]
18-febrero-20 16:47:22:366 DEBUG Test worker o.s.c.e.PropertySourcesPropertyResolver:151 - Found key 'PATH' in [systemEnvironment] with type [String]
18-febrero-20 16:47:22:366 DEBUG Test worker o.s.c.e.PropertySourcesPropertyResolver:151 - Found key 'SHELL' in [systemEnvironment] with type [String]
18-febrero-20 16:47:22:367 DEBUG Test worker o.s.c.e.PropertySourcesPropertyResolver:151 - Found key 'JAVA_MAIN_CLASS_88121' in [systemEnvironment] with type [String]
18-febrero-20 16:47:22:367 DEBUG Test worker o.s.c.e.PropertySourcesPropertyResolver:151 - Found key 'APP_ICON_84595' in [systemEnvironment] with type [String]
18-febrero-20 16:47:22:368 DEBUG Test worker o.s.c.e.PropertySourcesPropertyResolver:151 - Found key 'USER' in [systemEnvironment] with type [String]
18-febrero-20 16:47:22:368 DEBUG Test worker o.s.c.e.PropertySourcesPropertyResolver:151 - Found key 'TMPDIR' in [systemEnvironment] with type [String]
18-febrero-20 16:47:22:369 DEBUG Test worker o.s.c.e.PropertySourcesPropertyResolver:151 - Found key 'SSH_AUTH_SOCK' in [systemEnvironment] with type [String]
18-febrero-20 16:47:22:370 DEBUG Test worker o.s.c.e.PropertySourcesPropertyResolver:151 - Found key 'XPC_FLAGS' in [systemEnvironment] with type [String]
18-febrero-20 16:47:22:371 DEBUG Test worker o.s.c.e.PropertySourcesPropertyResolver:151 - Found key 'JAVA_STARTED_ON_FIRST_THREAD_84595' in [systemEnvironment] with type [String]
18-febrero-20 16:47:22:372 DEBUG Test worker o.s.c.e.PropertySourcesPropertyResolver:151 - Found key '__CF_USER_TEXT_ENCODING' in [systemEnvironment] with type [String]
18-febrero-20 16:47:22:373 DEBUG Test worker o.s.c.e.PropertySourcesPropertyResolver:151 - Found key 'Apple_PubSub_Socket_Render' in [systemEnvironment] with type [String]
18-febrero-20 16:47:22:374 DEBUG Test worker o.s.c.e.PropertySourcesPropertyResolver:151 - Found key 'LOGNAME' in [systemEnvironment] with type [String]
18-febrero-20 16:47:22:374 DEBUG Test worker o.s.c.e.PropertySourcesPropertyResolver:151 - Found key 'XPC_SERVICE_NAME' in [systemEnvironment] with type [String]
18-febrero-20 16:47:22:375 DEBUG Test worker o.s.c.e.PropertySourcesPropertyResolver:151 - Found key 'HOME' in [systemEnvironment] with type [String]
18-febrero-20 16:47:22:376 DEBUG Test worker o.s.c.e.PropertySourcesPropertyResolver:151 - Found key 'spring.jpa.show-sql' in [applicationConfigurationProperties] with type [String]
18-febrero-20 16:47:22:376 DEBUG Test worker o.s.c.e.PropertySourcesPropertyResolver:151 - Found key 'spring.datasource.username' in [applicationConfigurationProperties] with type [String]
18-febrero-20 16:47:22:377 DEBUG Test worker o.s.c.e.PropertySourcesPropertyResolver:151 - Found key 'spring.datasource.driverClassName' in [applicationConfigurationProperties] with type [String]
18-febrero-20 16:47:22:377 DEBUG Test worker o.s.c.e.PropertySourcesPropertyResolver:151 - Found key 'spring.profiles.active' in [applicationConfigurationProperties] with type [String]
18-febrero-20 16:47:22:378 DEBUG Test worker o.s.c.e.PropertySourcesPropertyResolver:151 - Found key 'spring.datasource.password' in [applicationConfigurationProperties] with type [String]
18-febrero-20 16:47:22:379 DEBUG Test worker o.s.c.e.PropertySourcesPropertyResolver:151 - Found key 'spring.main.banner-mode' in [applicationConfigurationProperties] with type [String]
18-febrero-20 16:47:22:379 DEBUG Test worker o.s.c.e.PropertySourcesPropertyResolver:151 - Found key 'spring.datasource.url' in [applicationConfigurationProperties] with type [String]
18-febrero-20 16:47:22:380 DEBUG Test worker o.s.c.e.PropertySourcesPropertyResolver:151 - Found key 'spring.jpa.database-platform' in [applicationConfigurationProperties] with type [String]
18-febrero-20 16:47:22:390 DEBUG Test worker o.s.b.f.s.DefaultListableBeanFactory:251 - Returning cached instance of singleton bean 'org.springframework.boot.autoconfigure.internalCachingMetadataReaderFactory'
18-febrero-20 16:47:22:558 DEBUG Test worker o.s.b.f.s.DefaultListableBeanFactory:251 - Returning cached instance of singleton bean 'autoConfigurationReport'
18-febrero-20 16:47:22:578 DEBUG Test worker o.s.c.e.PropertySourcesPropertyResolver:91 - Could not find key 'spring.messages.basename' in any property source
18-febrero-20 16:47:22:581 DEBUG Test worker o.s.c.i.s.PathMatchingResourcePatternResolver:318 - Resolved classpath location [messages.properties] to resources []
18-febrero-20 16:47:22:583 DEBUG Test worker o.s.b.f.s.DefaultListableBeanFactory:251 - Returning cached instance of singleton bean 'autoConfigurationReport'
18-febrero-20 16:47:22:588 DEBUG Test worker o.s.b.f.s.DefaultListableBeanFactory:251 - Returning cached instance of singleton bean 'autoConfigurationReport'
18-febrero-20 16:47:22:597 DEBUG Test worker o.s.b.f.s.DefaultListableBeanFactory:251 - Returning cached instance of singleton bean 'autoConfigurationReport'
18-febrero-20 16:47:22:605 DEBUG Test worker o.s.b.f.s.DefaultListableBeanFactory:251 - Returning cached instance of singleton bean 'autoConfigurationReport'
18-febrero-20 16:47:22:607 DEBUG Test worker o.s.b.f.s.DefaultListableBeanFactory:251 - Returning cached instance of singleton bean 'autoConfigurationReport'
18-febrero-20 16:47:22:609 DEBUG Test worker o.s.b.f.s.DefaultListableBeanFactory:251 - Returning cached instance of singleton bean 'autoConfigurationReport'
18-febrero-20 16:47:22:610 DEBUG Test worker o.s.b.f.s.DefaultListableBeanFactory:251 - Returning cached instance of singleton bean 'autoConfigurationReport'
18-febrero-20 16:47:22:614 DEBUG Test worker o.s.b.f.s.DefaultListableBeanFactory:251 - Returning cached instance of singleton bean 'autoConfigurationReport'
18-febrero-20 16:47:22:615 DEBUG Test worker o.s.b.f.s.DefaultListableBeanFactory:251 - Returning cached instance of singleton bean 'autoConfigurationReport'
18-febrero-20 16:47:22:616 DEBUG Test worker o.s.b.f.s.DefaultListableBeanFactory:251 - Returning cached instance of singleton bean 'autoConfigurationReport'
18-febrero-20 16:47:22:620 DEBUG Test worker o.s.b.f.s.DefaultListableBeanFactory:251 - Returning cached instance of singleton bean 'autoConfigurationReport'
18-febrero-20 16:47:22:622 DEBUG Test worker o.s.b.f.s.DefaultListableBeanFactory:251 - Returning cached instance of singleton bean 'autoConfigurationReport'
18-febrero-20 16:47:22:625 DEBUG Test worker o.s.b.f.s.DefaultListableBeanFactory:251 - Returning cached instance of singleton bean 'autoConfigurationReport'
18-febrero-20 16:47:22:629 DEBUG Test worker o.s.b.f.s.DefaultListableBeanFactory:251 - Returning cached instance of singleton bean 'autoConfigurationReport'
18-febrero-20 16:47:22:636 DEBUG Test worker o.s.b.f.s.DefaultListableBeanFactory:251 - Returning cached instance of singleton bean 'autoConfigurationReport'
18-febrero-20 16:47:22:638 DEBUG Test worker o.s.b.f.s.DefaultListableBeanFactory:251 - Returning cached instance of singleton bean 'autoConfigurationReport'
18-febrero-20 16:47:22:639 DEBUG Test worker o.s.b.f.s.DefaultListableBeanFactory:251 - Returning cached instance of singleton bean 'autoConfigurationReport'
18-febrero-20 16:47:22:648 DEBUG Test worker o.s.b.f.s.DefaultListableBeanFactory:251 - Returning cached instance of singleton bean 'autoConfigurationReport'
18-febrero-20 16:47:22:648 DEBUG Test worker o.s.b.f.s.DefaultListableBeanFactory:251 - Returning cached instance of singleton bean 'autoConfigurationReport'
18-febrero-20 16:47:22:655 DEBUG Test worker o.s.b.f.s.DefaultListableBeanFactory:251 - Returning cached instance of singleton bean 'autoConfigurationReport'
18-febrero-20 16:47:22:660 DEBUG Test worker o.s.b.f.s.DefaultListableBeanFactory:251 - Returning cached instance of singleton bean 'autoConfigurationReport'
18-febrero-20 16:47:22:664 DEBUG Test worker o.s.b.f.s.DefaultListableBeanFactory:251 - Returning cached instance of singleton bean 'autoConfigurationReport'
18-febrero-20 16:47:22:665 DEBUG Test worker o.s.b.f.s.DefaultListableBeanFactory:251 - Returning cached instance of singleton bean 'autoConfigurationReport'
18-febrero-20 16:47:22:667 DEBUG Test worker o.s.b.f.s.DefaultListableBeanFactory:251 - Returning cached instance of singleton bean 'autoConfigurationReport'
18-febrero-20 16:47:22:668 DEBUG Test worker o.s.b.f.s.DefaultListableBeanFactory:251 - Returning cached instance of singleton bean 'autoConfigurationReport'
18-febrero-20 16:47:22:672 DEBUG Test worker o.s.b.f.s.DefaultListableBeanFactory:251 - Returning cached instance of singleton bean 'autoConfigurationReport'
18-febrero-20 16:47:22:672 DEBUG Test worker o.s.b.f.s.DefaultListableBeanFactory:251 - Returning cached instance of singleton bean 'autoConfigurationReport'
18-febrero-20 16:47:22:672 DEBUG Test worker o.s.b.f.s.DefaultListableBeanFactory:251 - Returning cached instance of singleton bean 'autoConfigurationReport'
18-febrero-20 16:47:22:685 DEBUG Test worker o.s.b.f.s.DefaultListableBeanFactory:251 - Returning cached instance of singleton bean 'autoConfigurationReport'
18-febrero-20 16:47:22:698 DEBUG Test worker o.s.b.f.s.DefaultListableBeanFactory:251 - Returning cached instance of singleton bean 'autoConfigurationReport'
18-febrero-20 16:47:22:702 DEBUG Test worker o.s.b.f.s.DefaultListableBeanFactory:251 - Returning cached instance of singleton bean 'autoConfigurationReport'
18-febrero-20 16:47:22:702 DEBUG Test worker o.s.b.f.s.DefaultListableBeanFactory:251 - Returning cached instance of singleton bean 'autoConfigurationReport'
18-febrero-20 16:47:22:708 DEBUG Test worker o.s.c.e.PropertySourcesPropertyResolver:151 - Found key 'spring.jmx.enabled' in [Inlined Test Properties] with type [String]
18-febrero-20 16:47:22:709 DEBUG Test worker o.s.c.e.PropertySourcesPropertyResolver:151 - Found key 'org.springframework.boot.test.context.SpringBootTestContextBootstrapper' in [Inlined Test Properties] with type [String]
18-febrero-20 16:47:22:709 DEBUG Test worker o.s.c.e.PropertySourcesPropertyResolver:151 - Found key 'server.port' in [Inlined Test Properties] with type [String]
18-febrero-20 16:47:22:710 DEBUG Test worker o.s.c.e.PropertySourcesPropertyResolver:151 - Found key 'java.runtime.name' in [systemProperties] with type [String]
18-febrero-20 16:47:22:711 DEBUG Test worker o.s.c.e.PropertySourcesPropertyResolver:151 - Found key 'sun.boot.library.path' in [systemProperties] with type [String]
18-febrero-20 16:47:22:712 DEBUG Test worker o.s.c.e.PropertySourcesPropertyResolver:151 - Found key 'java.vm.version' in [systemProperties] with type [String]
18-febrero-20 16:47:22:713 DEBUG Test worker o.s.c.e.PropertySourcesPropertyResolver:151 - Found key 'gopherProxySet' in [systemProperties] with type [String]
18-febrero-20 16:47:22:714 DEBUG Test worker o.s.c.e.PropertySourcesPropertyResolver:151 - Found key 'java.vm.vendor' in [systemProperties] with type [String]
18-febrero-20 16:47:22:715 DEBUG Test worker o.s.c.e.PropertySourcesPropertyResolver:151 - Found key 'java.vendor.url' in [systemProperties] with type [String]
18-febrero-20 16:47:22:716 DEBUG Test worker o.s.c.e.PropertySourcesPropertyResolver:151 - Found key 'path.separator' in [systemProperties] with type [String]
18-febrero-20 16:47:22:717 DEBUG Test worker o.s.c.e.PropertySourcesPropertyResolver:151 - Found key 'java.vm.name' in [systemProperties] with type [String]
18-febrero-20 16:47:22:717 DEBUG Test worker o.s.c.e.PropertySourcesPropertyResolver:151 - Found key 'file.encoding.pkg' in [systemProperties] with type [String]
18-febrero-20 16:47:22:718 DEBUG Test worker o.s.c.e.PropertySourcesPropertyResolver:151 - Found key 'sun.java.launcher' in [systemProperties] with type [String]
18-febrero-20 16:47:22:719 DEBUG Test worker o.s.c.e.PropertySourcesPropertyResolver:151 - Found key 'user.country' in [systemProperties] with type [String]
18-febrero-20 16:47:22:720 DEBUG Test worker o.s.c.e.PropertySourcesPropertyResolver:151 - Found key 'sun.os.patch.level' in [systemProperties] with type [String]
18-febrero-20 16:47:22:721 DEBUG Test worker o.s.c.e.PropertySourcesPropertyResolver:151 - Found key 'PID' in [systemProperties] with type [String]
18-febrero-20 16:47:22:725 DEBUG Test worker o.s.c.e.PropertySourcesPropertyResolver:151 - Found key 'java.vm.specification.name' in [systemProperties] with type [String]
18-febrero-20 16:47:22:726 DEBUG Test worker o.s.c.e.PropertySourcesPropertyResolver:151 - Found key 'user.dir' in [systemProperties] with type [String]
18-febrero-20 16:47:22:727 DEBUG Test worker o.s.c.e.PropertySourcesPropertyResolver:151 - Found key 'java.runtime.version' in [systemProperties] with type [String]
18-febrero-20 16:47:22:730 DEBUG Test worker o.s.c.e.PropertySourcesPropertyResolver:151 - Found key 'java.awt.graphicsenv' in [systemProperties] with type [String]
18-febrero-20 16:47:22:731 DEBUG Test worker o.s.c.e.PropertySourcesPropertyResolver:151 - Found key 'org.jboss.logging.provider' in [systemProperties] with type [String]
18-febrero-20 16:47:22:733 DEBUG Test worker o.s.c.e.PropertySourcesPropertyResolver:151 - Found key 'java.endorsed.dirs' in [systemProperties] with type [String]
18-febrero-20 16:47:22:733 DEBUG Test worker o.s.c.e.PropertySourcesPropertyResolver:151 - Found key 'os.arch' in [systemProperties] with type [String]
18-febrero-20 16:47:22:734 DEBUG Test worker o.s.c.e.PropertySourcesPropertyResolver:151 - Found key 'java.io.tmpdir' in [systemProperties] with type [String]
18-febrero-20 16:47:22:735 DEBUG Test worker o.s.c.e.PropertySourcesPropertyResolver:151 - Found key 'line.separator' in [systemProperties] with type [String]
18-febrero-20 16:47:22:735 DEBUG Test worker o.s.c.e.PropertySourcesPropertyResolver:151 - Found key 'java.vm.specification.vendor' in [systemProperties] with type [String]
18-febrero-20 16:47:22:736 DEBUG Test worker o.s.c.e.PropertySourcesPropertyResolver:151 - Found key 'user.variant' in [systemProperties] with type [String]
18-febrero-20 16:47:22:738 DEBUG Test worker o.s.c.e.PropertySourcesPropertyResolver:151 - Found key 'os.name' in [systemProperties] with type [String]
18-febrero-20 16:47:22:739 DEBUG Test worker o.s.c.e.PropertySourcesPropertyResolver:151 - Found key 'sun.jnu.encoding' in [systemProperties] with type [String]
18-febrero-20 16:47:22:740 DEBUG Test worker o.s.c.e.PropertySourcesPropertyResolver:151 - Found key 'spring.beaninfo.ignore' in [systemProperties] with type [String]
18-febrero-20 16:47:22:741 DEBUG Test worker o.s.c.e.PropertySourcesPropertyResolver:151 - Found key 'java.library.path' in [systemProperties] with type [String]
18-febrero-20 16:47:22:743 DEBUG Test worker o.s.c.e.PropertySourcesPropertyResolver:151 - Found key 'java.specification.name' in [systemProperties] with type [String]
18-febrero-20 16:47:22:744 DEBUG Test worker o.s.c.e.PropertySourcesPropertyResolver:151 - Found key 'java.class.version' in [systemProperties] with type [String]
18-febrero-20 16:47:22:746 DEBUG Test worker o.s.c.e.PropertySourcesPropertyResolver:151 - Found key 'sun.management.compiler' in [systemProperties] with type [String]
18-febrero-20 16:47:22:747 DEBUG Test worker o.s.c.e.PropertySourcesPropertyResolver:151 - Found key 'os.version' in [systemProperties] with type [String]
18-febrero-20 16:47:22:747 DEBUG Test worker o.s.c.e.PropertySourcesPropertyResolver:151 - Found key 'http.nonProxyHosts' in [systemProperties] with type [String]
18-febrero-20 16:47:22:748 DEBUG Test worker o.s.c.e.PropertySourcesPropertyResolver:151 - Found key 'user.home' in [systemProperties] with type [String]
18-febrero-20 16:47:22:748 DEBUG Test worker o.s.c.e.PropertySourcesPropertyResolver:151 - Found key 'user.timezone' in [systemProperties] with type [String]
18-febrero-20 16:47:22:749 DEBUG Test worker o.s.c.e.PropertySourcesPropertyResolver:151 - Found key 'java.awt.printerjob' in [systemProperties] with type [String]
18-febrero-20 16:47:22:749 DEBUG Test worker o.s.c.e.PropertySourcesPropertyResolver:151 - Found key 'file.encoding' in [systemProperties] with type [String]
18-febrero-20 16:47:22:750 DEBUG Test worker o.s.c.e.PropertySourcesPropertyResolver:151 - Found key 'java.specification.version' in [systemProperties] with type [String]
18-febrero-20 16:47:22:750 DEBUG Test worker o.s.c.e.PropertySourcesPropertyResolver:151 - Found key 'java.class.path' in [systemProperties] with type [String]
18-febrero-20 16:47:22:750 DEBUG Test worker o.s.c.e.PropertySourcesPropertyResolver:151 - Found key 'user.name' in [systemProperties] with type [String]
18-febrero-20 16:47:22:751 DEBUG Test worker o.s.c.e.PropertySourcesPropertyResolver:151 - Found key 'java.vm.specification.version' in [systemProperties] with type [String]
18-febrero-20 16:47:22:751 DEBUG Test worker o.s.c.e.PropertySourcesPropertyResolver:151 - Found key 'sun.java.command' in [systemProperties] with type [String]
18-febrero-20 16:47:22:752 DEBUG Test worker o.s.c.e.PropertySourcesPropertyResolver:151 - Found key 'java.home' in [systemProperties] with type [String]
18-febrero-20 16:47:22:752 DEBUG Test worker o.s.c.e.PropertySourcesPropertyResolver:151 - Found key 'sun.arch.data.model' in [systemProperties] with type [String]
18-febrero-20 16:47:22:753 DEBUG Test worker o.s.c.e.PropertySourcesPropertyResolver:151 - Found key 'user.language' in [systemProperties] with type [String]
18-febrero-20 16:47:22:753 DEBUG Test worker o.s.c.e.PropertySourcesPropertyResolver:151 - Found key 'java.specification.vendor' in [systemProperties] with type [String]
18-febrero-20 16:47:22:754 DEBUG Test worker o.s.c.e.PropertySourcesPropertyResolver:151 - Found key 'awt.toolkit' in [systemProperties] with type [String]
18-febrero-20 16:47:22:755 DEBUG Test worker o.s.c.e.PropertySourcesPropertyResolver:151 - Found key 'java.vm.info' in [systemProperties] with type [String]
18-febrero-20 16:47:22:755 DEBUG Test worker o.s.c.e.PropertySourcesPropertyResolver:151 - Found key 'java.version' in [systemProperties] with type [String]
18-febrero-20 16:47:22:756 DEBUG Test worker o.s.c.e.PropertySourcesPropertyResolver:151 - Found key 'java.ext.dirs' in [systemProperties] with type [String]
18-febrero-20 16:47:22:756 DEBUG Test worker o.s.c.e.PropertySourcesPropertyResolver:151 - Found key 'sun.boot.class.path' in [systemProperties] with type [String]
18-febrero-20 16:47:22:757 DEBUG Test worker o.s.c.e.PropertySourcesPropertyResolver:151 - Found key 'java.awt.headless' in [systemProperties] with type [String]
18-febrero-20 16:47:22:757 DEBUG Test worker o.s.c.e.PropertySourcesPropertyResolver:151 - Found key 'java.vendor' in [systemProperties] with type [String]
18-febrero-20 16:47:22:758 DEBUG Test worker o.s.c.e.PropertySourcesPropertyResolver:151 - Found key 'org.gradle.test.worker' in [systemProperties] with type [String]
18-febrero-20 16:47:22:758 DEBUG Test worker o.s.c.e.PropertySourcesPropertyResolver:151 - Found key 'file.separator' in [systemProperties] with type [String]
18-febrero-20 16:47:22:759 DEBUG Test worker o.s.c.e.PropertySourcesPropertyResolver:151 - Found key 'java.vendor.url.bug' in [systemProperties] with type [String]
18-febrero-20 16:47:22:760 DEBUG Test worker o.s.c.e.PropertySourcesPropertyResolver:151 - Found key 'sun.io.unicode.encoding' in [systemProperties] with type [String]
18-febrero-20 16:47:22:764 DEBUG Test worker o.s.c.e.PropertySourcesPropertyResolver:151 - Found key 'sun.cpu.endian' in [systemProperties] with type [String]
18-febrero-20 16:47:22:765 DEBUG Test worker o.s.c.e.PropertySourcesPropertyResolver:151 - Found key 'socksNonProxyHosts' in [systemProperties] with type [String]
18-febrero-20 16:47:22:766 DEBUG Test worker o.s.c.e.PropertySourcesPropertyResolver:151 - Found key 'ftp.nonProxyHosts' in [systemProperties] with type [String]
18-febrero-20 16:47:22:767 DEBUG Test worker o.s.c.e.PropertySourcesPropertyResolver:151 - Found key 'sun.cpu.isalist' in [systemProperties] with type [String]
18-febrero-20 16:47:22:769 DEBUG Test worker o.s.c.e.PropertySourcesPropertyResolver:151 - Found key 'PATH' in [systemEnvironment] with type [String]
18-febrero-20 16:47:22:772 DEBUG Test worker o.s.c.e.PropertySourcesPropertyResolver:151 - Found key 'SHELL' in [systemEnvironment] with type [String]
18-febrero-20 16:47:22:775 DEBUG Test worker o.s.c.e.PropertySourcesPropertyResolver:151 - Found key 'JAVA_MAIN_CLASS_88121' in [systemEnvironment] with type [String]
18-febrero-20 16:47:22:775 DEBUG Test worker o.s.c.e.PropertySourcesPropertyResolver:151 - Found key 'APP_ICON_84595' in [systemEnvironment] with type [String]
18-febrero-20 16:47:22:776 DEBUG Test worker o.s.c.e.PropertySourcesPropertyResolver:151 - Found key 'USER' in [systemEnvironment] with type [String]
18-febrero-20 16:47:22:776 DEBUG Test worker o.s.c.e.PropertySourcesPropertyResolver:151 - Found key 'TMPDIR' in [systemEnvironment] with type [String]
18-febrero-20 16:47:22:777 DEBUG Test worker o.s.c.e.PropertySourcesPropertyResolver:151 - Found key 'SSH_AUTH_SOCK' in [systemEnvironment] with type [String]
18-febrero-20 16:47:22:777 DEBUG Test worker o.s.c.e.PropertySourcesPropertyResolver:151 - Found key 'XPC_FLAGS' in [systemEnvironment] with type [String]
18-febrero-20 16:47:22:778 DEBUG Test worker o.s.c.e.PropertySourcesPropertyResolver:151 - Found key 'JAVA_STARTED_ON_FIRST_THREAD_84595' in [systemEnvironment] with type [String]
18-febrero-20 16:47:22:778 DEBUG Test worker o.s.c.e.PropertySourcesPropertyResolver:151 - Found key '__CF_USER_TEXT_ENCODING' in [systemEnvironment] with type [String]
18-febrero-20 16:47:22:779 DEBUG Test worker o.s.c.e.PropertySourcesPropertyResolver:151 - Found key 'Apple_PubSub_Socket_Render' in [systemEnvironment] with type [String]
18-febrero-20 16:47:22:781 DEBUG Test worker o.s.c.e.PropertySourcesPropertyResolver:151 - Found key 'LOGNAME' in [systemEnvironment] with type [String]
18-febrero-20 16:47:22:783 DEBUG Test worker o.s.c.e.PropertySourcesPropertyResolver:151 - Found key 'XPC_SERVICE_NAME' in [systemEnvironment] with type [String]
18-febrero-20 16:47:22:783 DEBUG Test worker o.s.c.e.PropertySourcesPropertyResolver:151 - Found key 'HOME' in [systemEnvironment] with type [String]
18-febrero-20 16:47:22:784 DEBUG Test worker o.s.c.e.PropertySourcesPropertyResolver:151 - Found key 'spring.jpa.show-sql' in [applicationConfigurationProperties] with type [String]
18-febrero-20 16:47:22:784 DEBUG Test worker o.s.c.e.PropertySourcesPropertyResolver:151 - Found key 'spring.datasource.username' in [applicationConfigurationProperties] with type [String]
18-febrero-20 16:47:22:785 DEBUG Test worker o.s.c.e.PropertySourcesPropertyResolver:151 - Found key 'spring.datasource.driverClassName' in [applicationConfigurationProperties] with type [String]
18-febrero-20 16:47:22:785 DEBUG Test worker o.s.c.e.PropertySourcesPropertyResolver:151 - Found key 'spring.profiles.active' in [applicationConfigurationProperties] with type [String]
18-febrero-20 16:47:22:786 DEBUG Test worker o.s.c.e.PropertySourcesPropertyResolver:151 - Found key 'spring.datasource.password' in [applicationConfigurationProperties] with type [String]
18-febrero-20 16:47:22:786 DEBUG Test worker o.s.c.e.PropertySourcesPropertyResolver:151 - Found key 'spring.main.banner-mode' in [applicationConfigurationProperties] with type [String]
18-febrero-20 16:47:22:787 DEBUG Test worker o.s.c.e.PropertySourcesPropertyResolver:151 - Found key 'spring.datasource.url' in [applicationConfigurationProperties] with type [String]
18-febrero-20 16:47:22:787 DEBUG Test worker o.s.c.e.PropertySourcesPropertyResolver:151 - Found key 'spring.jpa.database-platform' in [applicationConfigurationProperties] with type [String]
18-febrero-20 16:47:22:798 DEBUG Test worker o.s.b.f.s.DefaultListableBeanFactory:251 - Returning cached instance of singleton bean 'autoConfigurationReport'
18-febrero-20 16:47:22:806 DEBUG Test worker o.s.b.f.s.DefaultListableBeanFactory:251 - Returning cached instance of singleton bean 'autoConfigurationReport'
18-febrero-20 16:47:22:815 DEBUG Test worker o.s.b.f.s.DefaultListableBeanFactory:251 - Returning cached instance of singleton bean 'autoConfigurationReport'
18-febrero-20 16:47:22:821 DEBUG Test worker o.s.b.f.s.DefaultListableBeanFactory:251 - Returning cached instance of singleton bean 'autoConfigurationReport'
18-febrero-20 16:47:22:822 DEBUG Test worker o.s.c.e.PropertySourcesPropertyResolver:151 - Found key 'spring.jmx.enabled' in [Inlined Test Properties] with type [String]
18-febrero-20 16:47:22:823 DEBUG Test worker o.s.b.f.s.DefaultListableBeanFactory:251 - Returning cached instance of singleton bean 'autoConfigurationReport'
18-febrero-20 16:47:22:824 DEBUG Test worker o.s.b.f.s.DefaultListableBeanFactory:251 - Returning cached instance of singleton bean 'autoConfigurationReport'
18-febrero-20 16:47:22:825 DEBUG Test worker o.s.b.f.s.DefaultListableBeanFactory:251 - Returning cached instance of singleton bean 'autoConfigurationReport'
18-febrero-20 16:47:22:828 DEBUG Test worker o.s.b.f.s.DefaultListableBeanFactory:251 - Returning cached instance of singleton bean 'autoConfigurationReport'
18-febrero-20 16:47:22:828 DEBUG Test worker o.s.b.f.s.DefaultListableBeanFactory:251 - Returning cached instance of singleton bean 'autoConfigurationReport'
18-febrero-20 16:47:22:833 DEBUG Test worker o.s.b.f.s.DefaultListableBeanFactory:251 - Returning cached instance of singleton bean 'autoConfigurationReport'
18-febrero-20 16:47:22:835 DEBUG Test worker o.s.b.f.s.DefaultListableBeanFactory:251 - Returning cached instance of singleton bean 'autoConfigurationReport'
18-febrero-20 16:47:22:840 DEBUG Test worker o.s.b.f.s.DefaultListableBeanFactory:251 - Returning cached instance of singleton bean 'autoConfigurationReport'
18-febrero-20 16:47:22:841 DEBUG Test worker o.s.b.f.s.DefaultListableBeanFactory:251 - Returning cached instance of singleton bean 'autoConfigurationReport'
18-febrero-20 16:47:22:842 DEBUG Test worker o.s.b.f.s.DefaultListableBeanFactory:251 - Returning cached instance of singleton bean 'autoConfigurationReport'
18-febrero-20 16:47:22:843 DEBUG Test worker o.s.b.f.s.DefaultListableBeanFactory:251 - Returning cached instance of singleton bean 'autoConfigurationReport'
18-febrero-20 16:47:22:856 DEBUG Test worker o.s.b.f.s.DefaultListableBeanFactory:251 - Returning cached instance of singleton bean 'autoConfigurationReport'
18-febrero-20 16:47:22:860 DEBUG Test worker o.s.b.f.s.DefaultListableBeanFactory:251 - Returning cached instance of singleton bean 'autoConfigurationReport'
18-febrero-20 16:47:22:861 DEBUG Test worker o.s.b.f.s.DefaultListableBeanFactory:251 - Returning cached instance of singleton bean 'autoConfigurationReport'
18-febrero-20 16:47:22:862 DEBUG Test worker o.s.b.f.s.DefaultListableBeanFactory:251 - Returning cached instance of singleton bean 'autoConfigurationReport'
18-febrero-20 16:47:22:864 DEBUG Test worker o.s.b.f.s.DefaultListableBeanFactory:251 - Returning cached instance of singleton bean 'autoConfigurationReport'
18-febrero-20 16:47:22:866 DEBUG Test worker o.s.b.f.s.DefaultListableBeanFactory:251 - Returning cached instance of singleton bean 'autoConfigurationReport'
18-febrero-20 16:47:22:871 DEBUG Test worker o.s.b.f.s.DefaultListableBeanFactory:251 - Returning cached instance of singleton bean 'autoConfigurationReport'
18-febrero-20 16:47:22:883 DEBUG Test worker o.s.b.f.s.DefaultListableBeanFactory:251 - Returning cached instance of singleton bean 'autoConfigurationReport'
18-febrero-20 16:47:22:884 DEBUG Test worker o.s.b.f.s.DefaultListableBeanFactory:251 - Returning cached instance of singleton bean 'autoConfigurationReport'
18-febrero-20 16:47:22:891 DEBUG Test worker o.s.b.f.s.DefaultListableBeanFactory:251 - Returning cached instance of singleton bean 'autoConfigurationReport'
18-febrero-20 16:47:22:897 DEBUG Test worker o.s.b.f.s.DefaultListableBeanFactory:251 - Returning cached instance of singleton bean 'autoConfigurationReport'
18-febrero-20 16:47:22:897 DEBUG Test worker o.s.b.f.s.DefaultListableBeanFactory:251 - Returning cached instance of singleton bean 'autoConfigurationReport'
18-febrero-20 16:47:22:900 DEBUG Test worker o.s.b.f.s.DefaultListableBeanFactory:251 - Returning cached instance of singleton bean 'autoConfigurationReport'
18-febrero-20 16:47:22:901 DEBUG Test worker o.s.b.f.s.DefaultListableBeanFactory:251 - Returning cached instance of singleton bean 'autoConfigurationReport'
18-febrero-20 16:47:22:903 DEBUG Test worker o.s.b.f.s.DefaultListableBeanFactory:251 - Returning cached instance of singleton bean 'autoConfigurationReport'
18-febrero-20 16:47:22:904 DEBUG Test worker o.s.b.f.s.DefaultListableBeanFactory:251 - Returning cached instance of singleton bean 'autoConfigurationReport'
18-febrero-20 16:47:22:906 DEBUG Test worker o.s.b.f.s.DefaultListableBeanFactory:251 - Returning cached instance of singleton bean 'autoConfigurationReport'
18-febrero-20 16:47:22:907 DEBUG Test worker o.s.b.f.s.DefaultListableBeanFactory:251 - Returning cached instance of singleton bean 'autoConfigurationReport'
18-febrero-20 16:47:22:909 DEBUG Test worker o.s.b.f.s.DefaultListableBeanFactory:251 - Returning cached instance of singleton bean 'autoConfigurationReport'
18-febrero-20 16:47:22:910 DEBUG Test worker o.s.b.f.s.DefaultListableBeanFactory:251 - Returning cached instance of singleton bean 'autoConfigurationReport'
18-febrero-20 16:47:22:917 DEBUG Test worker o.s.b.f.s.DefaultListableBeanFactory:251 - Returning cached instance of singleton bean 'autoConfigurationReport'
18-febrero-20 16:47:22:925 DEBUG Test worker o.s.b.f.s.DefaultListableBeanFactory:251 - Returning cached instance of singleton bean 'autoConfigurationReport'
18-febrero-20 16:47:22:926 DEBUG Test worker o.s.b.f.s.DefaultListableBeanFactory:251 - Returning cached instance of singleton bean 'autoConfigurationReport'
18-febrero-20 16:47:22:927 DEBUG Test worker o.s.b.f.s.DefaultListableBeanFactory:251 - Returning cached instance of singleton bean 'autoConfigurationReport'
18-febrero-20 16:47:22:927 DEBUG Test worker o.s.b.f.s.DefaultListableBeanFactory:251 - Returning cached instance of singleton bean 'autoConfigurationReport'
18-febrero-20 16:47:22:931 DEBUG Test worker o.s.b.f.s.DefaultListableBeanFactory:251 - Returning cached instance of singleton bean 'autoConfigurationReport'
18-febrero-20 16:47:22:932 DEBUG Test worker o.s.b.f.s.DefaultListableBeanFactory:251 - Returning cached instance of singleton bean 'autoConfigurationReport'
18-febrero-20 16:47:22:934 DEBUG Test worker o.s.b.f.s.DefaultListableBeanFactory:251 - Returning cached instance of singleton bean 'autoConfigurationReport'
18-febrero-20 16:47:22:935 DEBUG Test worker o.s.b.f.s.DefaultListableBeanFactory:251 - Returning cached instance of singleton bean 'autoConfigurationReport'
18-febrero-20 16:47:22:939 DEBUG Test worker o.s.b.f.s.DefaultListableBeanFactory:251 - Returning cached instance of singleton bean 'autoConfigurationReport'
18-febrero-20 16:47:22:963 DEBUG Test worker o.s.b.f.s.DefaultListableBeanFactory:251 - Returning cached instance of singleton bean 'autoConfigurationReport'
18-febrero-20 16:47:22:966 DEBUG Test worker o.s.b.f.s.DefaultListableBeanFactory:251 - Returning cached instance of singleton bean 'autoConfigurationReport'
18-febrero-20 16:47:22:969 DEBUG Test worker o.s.b.f.s.DefaultListableBeanFactory:251 - Returning cached instance of singleton bean 'autoConfigurationReport'
18-febrero-20 16:47:22:970 DEBUG Test worker o.s.b.f.s.DefaultListableBeanFactory:251 - Returning cached instance of singleton bean 'autoConfigurationReport'
18-febrero-20 16:47:22:971 DEBUG Test worker o.s.b.f.s.DefaultListableBeanFactory:251 - Returning cached instance of singleton bean 'autoConfigurationReport'
18-febrero-20 16:47:22:972 DEBUG Test worker o.s.b.f.s.DefaultListableBeanFactory:251 - Returning cached instance of singleton bean 'autoConfigurationReport'
18-febrero-20 16:47:22:973 DEBUG Test worker o.s.b.f.s.DefaultListableBeanFactory:251 - Returning cached instance of singleton bean 'autoConfigurationReport'
18-febrero-20 16:47:22:975 DEBUG Test worker o.s.b.f.s.DefaultListableBeanFactory:251 - Returning cached instance of singleton bean 'autoConfigurationReport'
18-febrero-20 16:47:22:978 DEBUG Test worker o.s.b.f.s.DefaultListableBeanFactory:251 - Returning cached instance of singleton bean 'autoConfigurationReport'
18-febrero-20 16:47:22:979 DEBUG Test worker o.s.b.f.s.DefaultListableBeanFactory:251 - Returning cached instance of singleton bean 'autoConfigurationReport'
18-febrero-20 16:47:22:981 DEBUG Test worker o.s.b.f.s.DefaultListableBeanFactory:251 - Returning cached instance of singleton bean 'autoConfigurationReport'
18-febrero-20 16:47:22:991 DEBUG Test worker o.s.b.f.s.DefaultListableBeanFactory:251 - Returning cached instance of singleton bean 'autoConfigurationReport'
18-febrero-20 16:47:22:993 DEBUG Test worker o.s.b.f.s.DefaultListableBeanFactory:251 - Returning cached instance of singleton bean 'autoConfigurationReport'
18-febrero-20 16:47:22:996 DEBUG Test worker o.s.b.f.s.DefaultListableBeanFactory:251 - Returning cached instance of singleton bean 'autoConfigurationReport'
18-febrero-20 16:47:22:997 DEBUG Test worker o.s.b.f.s.DefaultListableBeanFactory:251 - Returning cached instance of singleton bean 'autoConfigurationReport'
18-febrero-20 16:47:22:998 DEBUG Test worker o.s.b.f.s.DefaultListableBeanFactory:251 - Returning cached instance of singleton bean 'autoConfigurationReport'
18-febrero-20 16:47:23:007 DEBUG Test worker o.s.b.f.s.DefaultListableBeanFactory:251 - Returning cached instance of singleton bean 'autoConfigurationReport'
[...]
	at org.springframework.beans.factory.support.AbstractBeanFactory$1.getObject(AbstractBeanFactory.java:306)
	at org.springframework.beans.factory.support.DefaultSingletonBeanRegistry.getSingleton(DefaultSingletonBeanRegistry.java:230)
	at org.springframework.beans.factory.support.AbstractBeanFactory.doGetBean(AbstractBeanFactory.java:302)
	at org.springframework.beans.factory.support.AbstractBeanFactory.getBean(AbstractBeanFactory.java:197)
	at org.springframework.context.support.AbstractApplicationContext.getBean(AbstractApplicationContext.java:1078)
	at org.springframework.context.support.AbstractApplicationContext.finishBeanFactoryInitialization(AbstractApplicationContext.java:857)
	at org.springframework.context.support.AbstractApplicationContext.refresh(AbstractApplicationContext.java:543)
	at org.springframework.boot.SpringApplication.refresh(SpringApplication.java:762)
	at org.springframework.boot.SpringApplication.refreshContext(SpringApplication.java:372)
	at org.springframework.boot.SpringApplication.run(SpringApplication.java:316)
	at org.springframework.boot.test.context.SpringBootContextLoader.loadContext(SpringBootContextLoader.java:111)
	at org.springframework.test.context.cache.DefaultCacheAwareContextLoaderDelegate.loadContextInternal(DefaultCacheAwareContextLoaderDelegate.java:98)
	at org.springframework.test.context.cache.DefaultCacheAwareContextLoaderDelegate.loadContext(DefaultCacheAwareContextLoaderDelegate.java:116)
	at org.springframework.test.context.support.DefaultTestContext.getApplicationContext(DefaultTestContext.java:83)
	at org.springframework.test.context.web.ServletTestExecutionListener.setUpRequestContextIfNecessary(ServletTestExecutionListener.java:189)
	at org.springframework.test.context.web.ServletTestExecutionListener.prepareTestInstance(ServletTestExecutionListener.java:131)
	at org.springframework.test.context.TestContextManager.prepareTestInstance(TestContextManager.java:230)
	at org.springframework.test.context.junit4.SpringJUnit4ClassRunner.createTest(SpringJUnit4ClassRunner.java:228)
	at org.springframework.test.context.junit4.SpringJUnit4ClassRunner$1.runReflectiveCall(SpringJUnit4ClassRunner.java:287)
	at org.junit.internal.runners.model.ReflectiveCallable.run(ReflectiveCallable.java:12)
	at org.springframework.test.context.junit4.SpringJUnit4ClassRunner.methodBlock(SpringJUnit4ClassRunner.java:289)
	at org.springframework.test.context.junit4.SpringJUnit4ClassRunner.runChild(SpringJUnit4ClassRunner.java:247)
	at org.springframework.test.context.junit4.SpringJUnit4ClassRunner.runChild(SpringJUnit4ClassRunner.java:94)
	at org.junit.runners.ParentRunner$3.run(ParentRunner.java:290)
	at org.junit.runners.ParentRunner$1.schedule(ParentRunner.java:71)
	at org.junit.runners.ParentRunner.runChildren(ParentRunner.java:288)
	at org.junit.runners.ParentRunner.access$000(ParentRunner.java:58)
	at org.junit.runners.ParentRunner$2.evaluate(ParentRunner.java:268)
	at org.springframework.test.context.junit4.statements.RunBeforeTestClassCallbacks.evaluate(RunBeforeTestClassCallbacks.java:61)
	at org.springframework.test.context.junit4.statements.RunAfterTestClassCallbacks.evaluate(RunAfterTestClassCallbacks.java:70)
	at org.junit.runners.ParentRunner.run(ParentRunner.java:363)
	at org.springframework.test.context.junit4.SpringJUnit4ClassRunner.run(SpringJUnit4ClassRunner.java:191)
	at org.gradle.api.internal.tasks.testing.junit.JUnitTestClassExecuter.runTestClass(JUnitTestClassExecuter.java:112)
	at org.gradle.api.internal.tasks.testing.junit.JUnitTestClassExecuter.execute(JUnitTestClassExecuter.java:56)
	at org.gradle.api.internal.tasks.testing.junit.JUnitTestClassProcessor.processTestClass(JUnitTestClassProcessor.java:66)
	at org.gradle.api.internal.tasks.testing.SuiteTestClassProcessor.processTestClass(SuiteTestClassProcessor.java:51)
	at sun.reflect.NativeMethodAccessorImpl.invoke0(Native Method)
	at sun.reflect.NativeMethodAccessorImpl.invoke(NativeMethodAccessorImpl.java:62)
	at sun.reflect.DelegatingMethodAccessorImpl.invoke(DelegatingMethodAccessorImpl.java:43)
	at java.lang.reflect.Method.invoke(Method.java:498)
	at org.gradle.messaging.dispatch.ReflectionDispatch.dispatch(ReflectionDispatch.java:35)
	at org.gradle.messaging.dispatch.ReflectionDispatch.dispatch(ReflectionDispatch.java:24)
	at org.gradle.messaging.dispatch.ContextClassLoaderDispatch.dispatch(ContextClassLoaderDispatch.java:32)
	at org.gradle.messaging.dispatch.ProxyDispatchAdapter$DispatchingInvocationHandler.invoke(ProxyDispatchAdapter.java:93)
	at com.sun.proxy.$Proxy2.processTestClass(Unknown Source)
	at org.gradle.api.internal.tasks.testing.worker.TestWorker.processTestClass(TestWorker.java:109)
	at sun.reflect.NativeMethodAccessorImpl.invoke0(Native Method)
	at sun.reflect.NativeMethodAccessorImpl.invoke(NativeMethodAccessorImpl.java:62)
	at sun.reflect.DelegatingMethodAccessorImpl.invoke(DelegatingMethodAccessorImpl.java:43)
	at java.lang.reflect.Method.invoke(Method.java:498)
	at org.gradle.messaging.dispatch.ReflectionDispatch.dispatch(ReflectionDispatch.java:35)
	at org.gradle.messaging.dispatch.ReflectionDispatch.dispatch(ReflectionDispatch.java:24)
	at org.gradle.messaging.remote.internal.hub.MessageHub$Handler.run(MessageHub.java:364)
	at org.gradle.internal.concurrent.ExecutorPolicy$CatchAndRecordFailures.onExecute(ExecutorPolicy.java:54)
	at org.gradle.internal.concurrent.StoppableExecutorImpl$1.run(StoppableExecutorImpl.java:40)
	at java.util.concurrent.ThreadPoolExecutor.runWorker(ThreadPoolExecutor.java:1149)
	at java.util.concurrent.ThreadPoolExecutor$Worker.run(ThreadPoolExecutor.java:624)
	at java.lang.Thread.run(Thread.java:748)
Caused by: javax.persistence.PersistenceException: [PersistenceUnit: default] Unable to build Hibernate SessionFactory
	at org.hibernate.jpa.boot.internal.EntityManagerFactoryBuilderImpl.persistenceException(EntityManagerFactoryBuilderImpl.java:954)
	at org.hibernate.jpa.boot.internal.EntityManagerFactoryBuilderImpl.build(EntityManagerFactoryBuilderImpl.java:882)
	at org.springframework.orm.jpa.vendor.SpringHibernateJpaPersistenceProvider.createContainerEntityManagerFactory(SpringHibernateJpaPersistenceProvider.java:60)
	at org.springframework.orm.jpa.LocalContainerEntityManagerFactoryBean.createNativeEntityManagerFactory(LocalContainerEntityManagerFactoryBean.java:353)
	at org.springframework.orm.jpa.AbstractEntityManagerFactoryBean.buildNativeEntityManagerFactory(AbstractEntityManagerFactoryBean.java:370)
	at org.springframework.orm.jpa.AbstractEntityManagerFactoryBean.afterPropertiesSet(AbstractEntityManagerFactoryBean.java:359)
	at org.springframework.beans.factory.support.AbstractAutowireCapableBeanFactory.invokeInitMethods(AbstractAutowireCapableBeanFactory.java:1687)
	at org.springframework.beans.factory.support.AbstractAutowireCapableBeanFactory.initializeBean(AbstractAutowireCapableBeanFactory.java:1624)
	... 60 common frames omitted
Caused by: org.hibernate.MappingException: Could not instantiate persister org.hibernate.persister.entity.SingleTableEntityPersister
	at org.hibernate.persister.internal.PersisterFactoryImpl.createEntityPersister(PersisterFactoryImpl.java:112)
	at org.hibernate.persister.internal.PersisterFactoryImpl.createEntityPersister(PersisterFactoryImpl.java:77)
	at org.hibernate.internal.SessionFactoryImpl.<init>(SessionFactoryImpl.java:348)
	at org.hibernate.boot.internal.SessionFactoryBuilderImpl.build(SessionFactoryBuilderImpl.java:444)
	at org.hibernate.jpa.boot.internal.EntityManagerFactoryBuilderImpl.build(EntityManagerFactoryBuilderImpl.java:879)
	... 66 common frames omitted
Caused by: java.lang.ClassCastException: org.hibernate.type.StringType cannot be cast to org.hibernate.type.VersionType
	at org.hibernate.tuple.PropertyFactory.buildVersionProperty(PropertyFactory.java:109)
	at org.hibernate.tuple.entity.EntityMetamodel.<init>(EntityMetamodel.java:199)
	at org.hibernate.persister.entity.AbstractEntityPersister.<init>(AbstractEntityPersister.java:517)
	at org.hibernate.persister.entity.SingleTableEntityPersister.<init>(SingleTableEntityPersister.java:124)
	at sun.reflect.NativeConstructorAccessorImpl.newInstance0(Native Method)
	at sun.reflect.NativeConstructorAccessorImpl.newInstance(NativeConstructorAccessorImpl.java:62)
	at sun.reflect.DelegatingConstructorAccessorImpl.newInstance(DelegatingConstructorAccessorImpl.java:45)
	at java.lang.reflect.Constructor.newInstance(Constructor.java:423)
	at org.hibernate.persister.internal.PersisterFactoryImpl.createEntityPersister(PersisterFactoryImpl.java:96)
	... 70 common frames omitted
18-febrero-20 16:47:27:277 ERROR Test worker o.s.t.c.TestContextManager:234 - Caught exception while allowing TestExecutionListener [org.springframework.test.context.web.ServletTestExecutionListener@5c16ed57] to prepare test instance [com.privalia.repositories.ProductRepositoryTest@6a50b1f9]
java.lang.IllegalStateException: Failed to load ApplicationContext
	at org.springframework.test.context.cache.DefaultCacheAwareContextLoaderDelegate.loadContext(DefaultCacheAwareContextLoaderDelegate.java:124)
	at org.springframework.test.context.support.DefaultTestContext.getApplicationContext(DefaultTestContext.java:83)
	at org.springframework.test.context.web.ServletTestExecutionListener.setUpRequestContextIfNecessary(ServletTestExecutionListener.java:189)
	at org.springframework.test.context.web.ServletTestExecutionListener.prepareTestInstance(ServletTestExecutionListener.java:131)
	at org.springframework.test.context.TestContextManager.prepareTestInstance(TestContextManager.java:230)
	at org.springframework.test.context.junit4.SpringJUnit4ClassRunner.createTest(SpringJUnit4ClassRunner.java:228)
	at org.springframework.test.context.junit4.SpringJUnit4ClassRunner$1.runReflectiveCall(SpringJUnit4ClassRunner.java:287)
	at org.junit.internal.runners.model.ReflectiveCallable.run(ReflectiveCallable.java:12)
	at org.springframework.test.context.junit4.SpringJUnit4ClassRunner.methodBlock(SpringJUnit4ClassRunner.java:289)
	at org.springframework.test.context.junit4.SpringJUnit4ClassRunner.runChild(SpringJUnit4ClassRunner.java:247)
	at org.springframework.test.context.junit4.SpringJUnit4ClassRunner.runChild(SpringJUnit4ClassRunner.java:94)
	at org.junit.runners.ParentRunner$3.run(ParentRunner.java:290)
	at org.junit.runners.ParentRunner$1.schedule(ParentRunner.java:71)
	at org.junit.runners.ParentRunner.runChildren(ParentRunner.java:288)
	at org.junit.runners.ParentRunner.access$000(ParentRunner.java:58)
	at org.junit.runners.ParentRunner$2.evaluate(ParentRunner.java:268)
	at org.springframework.test.context.junit4.statements.RunBeforeTestClassCallbacks.evaluate(RunBeforeTestClassCallbacks.java:61)
	at org.springframework.test.context.junit4.statements.RunAfterTestClassCallbacks.evaluate(RunAfterTestClassCallbacks.java:70)
	at org.junit.runners.ParentRunner.run(ParentRunner.java:363)
	at org.springframework.test.context.junit4.SpringJUnit4ClassRunner.run(SpringJUnit4ClassRunner.java:191)
	at org.gradle.api.internal.tasks.testing.junit.JUnitTestClassExecuter.runTestClass(JUnitTestClassExecuter.java:112)
	at org.gradle.api.internal.tasks.testing.junit.JUnitTestClassExecuter.execute(JUnitTestClassExecuter.java:56)
	at org.gradle.api.internal.tasks.testing.junit.JUnitTestClassProcessor.processTestClass(JUnitTestClassProcessor.java:66)
	at org.gradle.api.internal.tasks.testing.SuiteTestClassProcessor.processTestClass(SuiteTestClassProcessor.java:51)
	at sun.reflect.NativeMethodAccessorImpl.invoke0(Native Method)
	at sun.reflect.NativeMethodAccessorImpl.invoke(NativeMethodAccessorImpl.java:62)
	at sun.reflect.DelegatingMethodAccessorImpl.invoke(DelegatingMethodAccessorImpl.java:43)
	at java.lang.reflect.Method.invoke(Method.java:498)
	at org.gradle.messaging.dispatch.ReflectionDispatch.dispatch(ReflectionDispatch.java:35)
	at org.gradle.messaging.dispatch.ReflectionDispatch.dispatch(ReflectionDispatch.java:24)
	at org.gradle.messaging.dispatch.ContextClassLoaderDispatch.dispatch(ContextClassLoaderDispatch.java:32)
	at org.gradle.messaging.dispatch.ProxyDispatchAdapter$DispatchingInvocationHandler.invoke(ProxyDispatchAdapter.java:93)
	at com.sun.proxy.$Proxy2.processTestClass(Unknown Source)
	at org.gradle.api.internal.tasks.testing.worker.TestWorker.processTestClass(TestWorker.java:109)
	at sun.reflect.NativeMethodAccessorImpl.invoke0(Native Method)
	at sun.reflect.NativeMethodAccessorImpl.invoke(NativeMethodAccessorImpl.java:62)
	at sun.reflect.DelegatingMethodAccessorImpl.invoke(DelegatingMethodAccessorImpl.java:43)
	at java.lang.reflect.Method.invoke(Method.java:498)
	at org.gradle.messaging.dispatch.ReflectionDispatch.dispatch(ReflectionDispatch.java:35)
	at org.gradle.messaging.dispatch.ReflectionDispatch.dispatch(ReflectionDispatch.java:24)
	at org.gradle.messaging.remote.internal.hub.MessageHub$Handler.run(MessageHub.java:364)
	at org.gradle.internal.concurrent.ExecutorPolicy$CatchAndRecordFailures.onExecute(ExecutorPolicy.java:54)
	at org.gradle.internal.concurrent.StoppableExecutorImpl$1.run(StoppableExecutorImpl.java:40)
	at java.util.concurrent.ThreadPoolExecutor.runWorker(ThreadPoolExecutor.java:1149)
	at java.util.concurrent.ThreadPoolExecutor$Worker.run(ThreadPoolExecutor.java:624)
	at java.lang.Thread.run(Thread.java:748)
Caused by: org.springframework.beans.factory.BeanCreationException: Error creating bean with name 'entityManagerFactory' defined in class path resource [org/springframework/boot/autoconfigure/orm/jpa/HibernateJpaAutoConfiguration.class]: Invocation of init method failed; nested exception is javax.persistence.PersistenceException: [PersistenceUnit: default] Unable to build Hibernate SessionFactory
	at org.springframework.beans.factory.support.AbstractAutowireCapableBeanFactory.initializeBean(AbstractAutowireCapableBeanFactory.java:1628)
	at org.springframework.beans.factory.support.AbstractAutowireCapableBeanFactory.doCreateBean(AbstractAutowireCapableBeanFactory.java:555)
	at org.springframework.beans.factory.support.AbstractAutowireCapableBeanFactory.createBean(AbstractAutowireCapableBeanFactory.java:483)
	at org.springframework.beans.factory.support.AbstractBeanFactory$1.getObject(AbstractBeanFactory.java:306)
	at org.springframework.beans.factory.support.DefaultSingletonBeanRegistry.getSingleton(DefaultSingletonBeanRegistry.java:230)
	at org.springframework.beans.factory.support.AbstractBeanFactory.doGetBean(AbstractBeanFactory.java:302)
	at org.springframework.beans.factory.support.AbstractBeanFactory.getBean(AbstractBeanFactory.java:197)
	at org.springframework.context.support.AbstractApplicationContext.getBean(AbstractApplicationContext.java:1078)
	at org.springframework.context.support.AbstractApplicationContext.finishBeanFactoryInitialization(AbstractApplicationContext.java:857)
	at org.springframework.context.support.AbstractApplicationContext.refresh(AbstractApplicationContext.java:543)
	at org.springframework.boot.SpringApplication.refresh(SpringApplication.java:762)
	at org.springframework.boot.SpringApplication.refreshContext(SpringApplication.java:372)
	at org.springframework.boot.SpringApplication.run(SpringApplication.java:316)
	at org.springframework.boot.test.context.SpringBootContextLoader.loadContext(SpringBootContextLoader.java:111)
	at org.springframework.test.context.cache.DefaultCacheAwareContextLoaderDelegate.loadContextInternal(DefaultCacheAwareContextLoaderDelegate.java:98)
	at org.springframework.test.context.cache.DefaultCacheAwareContextLoaderDelegate.loadContext(DefaultCacheAwareContextLoaderDelegate.java:116)
	... 45 common frames omitted
Caused by: javax.persistence.PersistenceException: [PersistenceUnit: default] Unable to build Hibernate SessionFactory
	at org.hibernate.jpa.boot.internal.EntityManagerFactoryBuilderImpl.persistenceException(EntityManagerFactoryBuilderImpl.java:954)
	at org.hibernate.jpa.boot.internal.EntityManagerFactoryBuilderImpl.build(EntityManagerFactoryBuilderImpl.java:882)
	at org.springframework.orm.jpa.vendor.SpringHibernateJpaPersistenceProvider.createContainerEntityManagerFactory(SpringHibernateJpaPersistenceProvider.java:60)
	at org.springframework.orm.jpa.LocalContainerEntityManagerFactoryBean.createNativeEntityManagerFactory(LocalContainerEntityManagerFactoryBean.java:353)
	at org.springframework.orm.jpa.AbstractEntityManagerFactoryBean.buildNativeEntityManagerFactory(AbstractEntityManagerFactoryBean.java:370)
	at org.springframework.orm.jpa.AbstractEntityManagerFactoryBean.afterPropertiesSet(AbstractEntityManagerFactoryBean.java:359)
	at org.springframework.beans.factory.support.AbstractAutowireCapableBeanFactory.invokeInitMethods(AbstractAutowireCapableBeanFactory.java:1687)
	at org.springframework.beans.factory.support.AbstractAutowireCapableBeanFactory.initializeBean(AbstractAutowireCapableBeanFactory.java:1624)
	... 60 common frames omitted
Caused by: org.hibernate.MappingException: Could not instantiate persister org.hibernate.persister.entity.SingleTableEntityPersister
	at org.hibernate.persister.internal.PersisterFactoryImpl.createEntityPersister(PersisterFactoryImpl.java:112)
	at org.hibernate.persister.internal.PersisterFactoryImpl.createEntityPersister(PersisterFactoryImpl.java:77)
	at org.hibernate.internal.SessionFactoryImpl.<init>(SessionFactoryImpl.java:348)
	at org.hibernate.boot.internal.SessionFactoryBuilderImpl.build(SessionFactoryBuilderImpl.java:444)
	at org.hibernate.jpa.boot.internal.EntityManagerFactoryBuilderImpl.build(EntityManagerFactoryBuilderImpl.java:879)
	... 66 common frames omitted
Caused by: java.lang.ClassCastException: org.hibernate.type.StringType cannot be cast to org.hibernate.type.VersionType
	at org.hibernate.tuple.PropertyFactory.buildVersionProperty(PropertyFactory.java:109)
	at org.hibernate.tuple.entity.EntityMetamodel.<init>(EntityMetamodel.java:199)
	at org.hibernate.persister.entity.AbstractEntityPersister.<init>(AbstractEntityPersister.java:517)
	at org.hibernate.persister.entity.SingleTableEntityPersister.<init>(SingleTableEntityPersister.java:124)
	at sun.reflect.NativeConstructorAccessorImpl.newInstance0(Native Method)
	at sun.reflect.NativeConstructorAccessorImpl.newInstance(NativeConstructorAccessorImpl.java:62)
	at sun.reflect.DelegatingConstructorAccessorImpl.newInstance(DelegatingConstructorAccessorImpl.java:45)
	at java.lang.reflect.Constructor.newInstance(Constructor.java:423)
	at org.hibernate.persister.internal.PersisterFactoryImpl.createEntityPersister(PersisterFactoryImpl.java:96)
	... 70 common frames omitted
18-febrero-20 16:47:27:291 DEBUG Test worker o.s.t.c.s.AbstractDirtiesContextTestExecutionListener:141 - After test class: context [DefaultTestContext@f445b1a testClass = ProductRepositoryTest, testInstance = [null], testMethod = [null], testException = [null], mergedContextConfiguration = [WebMergedContextConfiguration@47cbe3fa testClass = ProductRepositoryTest, locations = '{}', classes = '{class com.privalia.configuration.RepositoryConfiguration, class com.privalia.configuration.RepositoryConfiguration}', contextInitializerClasses = '[]', activeProfiles = '{}', propertySourceLocations = '{}', propertySourceProperties = '{org.springframework.boot.test.context.SpringBootTestContextBootstrapper=true}', contextCustomizers = set[org.springframework.boot.test.context.SpringBootTestContextCustomizer@52bc2698, org.springframework.boot.test.context.filter.ExcludeFilterContextCustomizer@3cf05962, org.springframework.boot.test.mock.mockito.MockitoContextCustomizer@0, org.springframework.boot.test.autoconfigure.properties.PropertyMappingContextCustomizer@0, org.springframework.boot.test.autoconfigure.web.servlet.WebDriverContextCustomizerFactory$Customizer@58a24ea6], resourceBasePath = 'src/main/webapp', contextLoader = 'org.springframework.boot.test.context.SpringBootContextLoader', parent = [null]]], class annotated with @DirtiesContext [false] with mode [null].
]]></system-out>
  <system-err><![CDATA[]]></system-err>
</testsuite>
